{"D:\\Repos\\comma\\server\\index.ts": {"path":"D:\\Repos\\comma\\server\\index.ts","statementMap":{"0":{"start":{"line":44,"column":0},"end":{"line":44,"column":null}},"1":{"start":{"line":46,"column":6},"end":{"line":46,"column":21}},"2":{"start":{"line":47,"column":15},"end":{"line":47,"column":37}},"3":{"start":{"line":49,"column":0},"end":{"line":49,"column":null}},"4":{"start":{"line":51,"column":0},"end":{"line":51,"column":null}},"5":{"start":{"line":53,"column":0},"end":{"line":62,"column":null}},"6":{"start":{"line":58,"column":4},"end":{"line":58,"column":null}},"7":{"start":{"line":63,"column":0},"end":{"line":63,"column":null}},"8":{"start":{"line":64,"column":0},"end":{"line":64,"column":null}},"9":{"start":{"line":65,"column":0},"end":{"line":74,"column":null}},"10":{"start":{"line":76,"column":0},"end":{"line":84,"column":null}},"11":{"start":{"line":80,"column":3},"end":{"line":80,"column":null}},"12":{"start":{"line":81,"column":3},"end":{"line":81,"column":null}},"13":{"start":{"line":86,"column":0},"end":{"line":88,"column":null}},"14":{"start":{"line":87,"column":1},"end":{"line":87,"column":null}},"15":{"start":{"line":90,"column":0},"end":{"line":111,"column":null}},"16":{"start":{"line":91,"column":18},"end":{"line":91,"column":null}},"17":{"start":{"line":93,"column":1},"end":{"line":95,"column":null}},"18":{"start":{"line":94,"column":2},"end":{"line":94,"column":null}},"19":{"start":{"line":95,"column":2},"end":{"line":95,"column":null}},"20":{"start":{"line":98,"column":18},"end":{"line":98,"column":72}},"21":{"start":{"line":101,"column":1},"end":{"line":103,"column":null}},"22":{"start":{"line":102,"column":2},"end":{"line":102,"column":null}},"23":{"start":{"line":103,"column":2},"end":{"line":103,"column":null}},"24":{"start":{"line":107,"column":1},"end":{"line":107,"column":null}},"25":{"start":{"line":110,"column":1},"end":{"line":110,"column":null}},"26":{"start":{"line":113,"column":0},"end":{"line":113,"column":null}},"27":{"start":{"line":114,"column":0},"end":{"line":114,"column":null}},"28":{"start":{"line":115,"column":0},"end":{"line":115,"column":null}},"29":{"start":{"line":117,"column":0},"end":{"line":117,"column":null}},"30":{"start":{"line":119,"column":0},"end":{"line":119,"column":null}},"31":{"start":{"line":120,"column":0},"end":{"line":120,"column":null}},"32":{"start":{"line":121,"column":0},"end":{"line":121,"column":null}},"33":{"start":{"line":123,"column":0},"end":{"line":123,"column":null}},"34":{"start":{"line":124,"column":0},"end":{"line":124,"column":null}},"35":{"start":{"line":125,"column":0},"end":{"line":125,"column":null}},"36":{"start":{"line":127,"column":0},"end":{"line":127,"column":null}},"37":{"start":{"line":128,"column":0},"end":{"line":128,"column":null}},"38":{"start":{"line":130,"column":0},"end":{"line":130,"column":null}},"39":{"start":{"line":131,"column":0},"end":{"line":131,"column":null}},"40":{"start":{"line":132,"column":0},"end":{"line":132,"column":null}},"41":{"start":{"line":135,"column":0},"end":{"line":135,"column":null}},"42":{"start":{"line":139,"column":0},"end":{"line":168,"column":null}},"43":{"start":{"line":141,"column":2},"end":{"line":144,"column":null}},"44":{"start":{"line":143,"column":3},"end":{"line":143,"column":null}},"45":{"start":{"line":146,"column":1},"end":{"line":168,"column":null}},"46":{"start":{"line":147,"column":2},"end":{"line":147,"column":null}},"47":{"start":{"line":149,"column":2},"end":{"line":153,"column":null}},"48":{"start":{"line":150,"column":3},"end":{"line":150,"column":null}},"49":{"start":{"line":151,"column":3},"end":{"line":151,"column":null}},"50":{"start":{"line":153,"column":3},"end":{"line":153,"column":null}},"51":{"start":{"line":156,"column":2},"end":{"line":167,"column":null}}},"fnMap":{"0":{"name":"(anonymous_0)","decl":{"start":{"line":56,"column":15},"end":{"line":56,"column":null}},"loc":{"start":{"line":57,"column":10},"end":{"line":59,"column":null}},"line":57},"1":{"name":"(anonymous_1)","decl":{"start":{"line":79,"column":2},"end":{"line":79,"column":15}},"loc":{"start":{"line":79,"column":23},"end":{"line":83,"column":3}},"line":79},"2":{"name":"(anonymous_2)","decl":{"start":{"line":86,"column":8},"end":{"line":86,"column":20}},"loc":{"start":{"line":86,"column":33},"end":{"line":88,"column":null}},"line":86},"3":{"name":"(anonymous_3)","decl":{"start":{"line":90,"column":8},"end":{"line":90,"column":34}},"loc":{"start":{"line":90,"column":47},"end":{"line":111,"column":null}},"line":90},"4":{"name":"(anonymous_4)","decl":{"start":{"line":141,"column":14},"end":{"line":141,"column":null}},"loc":{"start":{"line":142,"column":9},"end":{"line":144,"column":null}},"line":142},"5":{"name":"(anonymous_5)","decl":{"start":{"line":146,"column":27},"end":{"line":146,"column":39}},"loc":{"start":{"line":146,"column":39},"end":{"line":168,"column":null}},"line":146}},"branchMap":{"0":{"loc":{"start":{"line":56,"column":3},"end":{"line":59,"column":null}},"type":"binary-expr","locations":[{"start":{"line":56,"column":3},"end":{"line":56,"column":null}},{"start":{"line":56,"column":15},"end":{"line":59,"column":null}}],"line":56},"1":{"loc":{"start":{"line":80,"column":48},"end":{"line":80,"column":78}},"type":"binary-expr","locations":[{"start":{"line":80,"column":48},"end":{"line":80,"column":74}},{"start":{"line":80,"column":74},"end":{"line":80,"column":78}}],"line":80},"2":{"loc":{"start":{"line":93,"column":1},"end":{"line":95,"column":null}},"type":"if","locations":[{"start":{"line":93,"column":1},"end":{"line":95,"column":null}},{"start":{},"end":{}}],"line":93},"3":{"loc":{"start":{"line":93,"column":5},"end":{"line":93,"column":54}},"type":"binary-expr","locations":[{"start":{"line":93,"column":5},"end":{"line":93,"column":28}},{"start":{"line":93,"column":32},"end":{"line":93,"column":54}}],"line":93},"4":{"loc":{"start":{"line":101,"column":1},"end":{"line":103,"column":null}},"type":"if","locations":[{"start":{"line":101,"column":1},"end":{"line":103,"column":null}},{"start":{},"end":{}}],"line":101},"5":{"loc":{"start":{"line":139,"column":0},"end":{"line":168,"column":null}},"type":"if","locations":[{"start":{"line":139,"column":0},"end":{"line":168,"column":null}},{"start":{},"end":{}}],"line":139},"6":{"loc":{"start":{"line":141,"column":2},"end":{"line":144,"column":null}},"type":"binary-expr","locations":[{"start":{"line":141,"column":2},"end":{"line":141,"column":null}},{"start":{"line":141,"column":14},"end":{"line":144,"column":null}}],"line":141}},"s":{"0":2,"1":2,"2":2,"3":2,"4":2,"5":2,"6":0,"7":2,"8":2,"9":2,"10":2,"11":0,"12":0,"13":2,"14":1,"15":2,"16":0,"17":0,"18":0,"19":0,"20":0,"21":0,"22":0,"23":0,"24":0,"25":0,"26":2,"27":2,"28":2,"29":2,"30":2,"31":2,"32":2,"33":2,"34":2,"35":2,"36":2,"37":2,"38":2,"39":2,"40":2,"41":2,"42":2,"43":0,"44":0,"45":0,"46":0,"47":0,"48":0,"49":0,"50":0,"51":0},"f":{"0":0,"1":0,"2":1,"3":0,"4":0,"5":0},"b":{"0":[2,0],"1":[0,0],"2":[0,0],"3":[0,0],"4":[0,0],"5":[0,2],"6":[0,0]},"meta":{"lastBranch":7,"lastFunction":6,"lastStatement":52,"seen":{"s:44:0:44:Infinity":0,"s:46:6:46:21":1,"s:47:15:47:37":2,"s:49:0:49:Infinity":3,"s:51:0:51:Infinity":4,"s:53:0:62:Infinity":5,"b:56:3:56:Infinity:56:15:59:Infinity":0,"f:56:15:56:Infinity":0,"s:58:4:58:Infinity":6,"s:63:0:63:Infinity":7,"s:64:0:64:Infinity":8,"s:65:0:74:Infinity":9,"s:76:0:84:Infinity":10,"f:79:2:79:15":1,"s:80:3:80:Infinity":11,"b:80:48:80:74:80:74:80:78":1,"s:81:3:81:Infinity":12,"s:86:0:88:Infinity":13,"f:86:8:86:20":2,"s:87:1:87:Infinity":14,"s:90:0:111:Infinity":15,"f:90:8:90:34":3,"s:91:18:91:Infinity":16,"b:93:1:95:Infinity:undefined:undefined:undefined:undefined":2,"s:93:1:95:Infinity":17,"b:93:5:93:28:93:32:93:54":3,"s:94:2:94:Infinity":18,"s:95:2:95:Infinity":19,"s:98:18:98:72":20,"b:101:1:103:Infinity:undefined:undefined:undefined:undefined":4,"s:101:1:103:Infinity":21,"s:102:2:102:Infinity":22,"s:103:2:103:Infinity":23,"s:107:1:107:Infinity":24,"s:110:1:110:Infinity":25,"s:113:0:113:Infinity":26,"s:114:0:114:Infinity":27,"s:115:0:115:Infinity":28,"s:117:0:117:Infinity":29,"s:119:0:119:Infinity":30,"s:120:0:120:Infinity":31,"s:121:0:121:Infinity":32,"s:123:0:123:Infinity":33,"s:124:0:124:Infinity":34,"s:125:0:125:Infinity":35,"s:127:0:127:Infinity":36,"s:128:0:128:Infinity":37,"s:130:0:130:Infinity":38,"s:131:0:131:Infinity":39,"s:132:0:132:Infinity":40,"s:135:0:135:Infinity":41,"b:139:0:168:Infinity:undefined:undefined:undefined:undefined":5,"s:139:0:168:Infinity":42,"s:141:2:144:Infinity":43,"b:141:2:141:Infinity:141:14:144:Infinity":6,"f:141:14:141:Infinity":4,"s:143:3:143:Infinity":44,"s:146:1:168:Infinity":45,"f:146:27:146:39":5,"s:147:2:147:Infinity":46,"s:149:2:153:Infinity":47,"s:150:3:150:Infinity":48,"s:151:3:151:Infinity":49,"s:153:3:153:Infinity":50,"s:156:2:167:Infinity":51}}}
,"D:\\Repos\\comma\\server\\controllers\\AuthController.ts": {"path":"D:\\Repos\\comma\\server\\controllers\\AuthController.ts","statementMap":{"0":{"start":{"line":11,"column":0},"end":{"line":11,"column":null}},"1":{"start":{"line":13,"column":15},"end":{"line":13,"column":31}},"2":{"start":{"line":15,"column":0},"end":{"line":54,"column":null}},"3":{"start":{"line":16,"column":32},"end":{"line":16,"column":null}},"4":{"start":{"line":17,"column":1},"end":{"line":17,"column":null}},"5":{"start":{"line":19,"column":18},"end":{"line":19,"column":61}},"6":{"start":{"line":21,"column":87},"end":{"line":21,"column":null}},"7":{"start":{"line":23,"column":1},"end":{"line":23,"column":null}},"8":{"start":{"line":25,"column":1},"end":{"line":26,"column":null}},"9":{"start":{"line":26,"column":2},"end":{"line":26,"column":null}},"10":{"start":{"line":30,"column":1},"end":{"line":36,"column":null}},"11":{"start":{"line":31,"column":2},"end":{"line":35,"column":null}},"12":{"start":{"line":36,"column":2},"end":{"line":36,"column":null}},"13":{"start":{"line":40,"column":1},"end":{"line":45,"column":null}},"14":{"start":{"line":46,"column":1},"end":{"line":52,"column":null}},"15":{"start":{"line":53,"column":1},"end":{"line":53,"column":null}},"16":{"start":{"line":56,"column":0},"end":{"line":91,"column":null}},"17":{"start":{"line":57,"column":25},"end":{"line":57,"column":null}},"18":{"start":{"line":59,"column":1},"end":{"line":60,"column":null}},"19":{"start":{"line":60,"column":2},"end":{"line":60,"column":null}},"20":{"start":{"line":63,"column":18},"end":{"line":63,"column":65}},"21":{"start":{"line":65,"column":1},"end":{"line":66,"column":null}},"22":{"start":{"line":66,"column":2},"end":{"line":66,"column":null}},"23":{"start":{"line":69,"column":63},"end":{"line":69,"column":null}},"24":{"start":{"line":71,"column":1},"end":{"line":71,"column":null}},"25":{"start":{"line":73,"column":1},"end":{"line":73,"column":null}},"26":{"start":{"line":73,"column":15},"end":{"line":73,"column":null}},"27":{"start":{"line":75,"column":1},"end":{"line":80,"column":null}},"28":{"start":{"line":82,"column":1},"end":{"line":88,"column":null}},"29":{"start":{"line":90,"column":1},"end":{"line":90,"column":null}},"30":{"start":{"line":93,"column":0},"end":{"line":105,"column":null}},"31":{"start":{"line":94,"column":22},"end":{"line":94,"column":null}},"32":{"start":{"line":96,"column":1},"end":{"line":97,"column":null}},"33":{"start":{"line":97,"column":2},"end":{"line":97,"column":null}},"34":{"start":{"line":100,"column":1},"end":{"line":100,"column":null}},"35":{"start":{"line":101,"column":1},"end":{"line":103,"column":null}},"36":{"start":{"line":104,"column":1},"end":{"line":104,"column":null}}},"fnMap":{"0":{"name":"(anonymous_0)","decl":{"start":{"line":15,"column":75},"end":{"line":15,"column":82}},"loc":{"start":{"line":15,"column":95},"end":{"line":54,"column":3}},"line":15},"1":{"name":"(anonymous_1)","decl":{"start":{"line":56,"column":54},"end":{"line":56,"column":61}},"loc":{"start":{"line":56,"column":74},"end":{"line":91,"column":3}},"line":56},"2":{"name":"(anonymous_2)","decl":{"start":{"line":93,"column":36},"end":{"line":93,"column":43}},"loc":{"start":{"line":93,"column":56},"end":{"line":105,"column":3}},"line":93}},"branchMap":{"0":{"loc":{"start":{"line":25,"column":1},"end":{"line":26,"column":null}},"type":"if","locations":[{"start":{"line":25,"column":1},"end":{"line":26,"column":null}},{"start":{},"end":{}}],"line":25},"1":{"loc":{"start":{"line":30,"column":1},"end":{"line":36,"column":null}},"type":"if","locations":[{"start":{"line":30,"column":1},"end":{"line":36,"column":null}},{"start":{},"end":{}}],"line":30},"2":{"loc":{"start":{"line":50,"column":19},"end":{"line":50,"column":53}},"type":"binary-expr","locations":[{"start":{"line":50,"column":19},"end":{"line":50,"column":49}},{"start":{"line":50,"column":49},"end":{"line":50,"column":53}}],"line":50},"3":{"loc":{"start":{"line":59,"column":1},"end":{"line":60,"column":null}},"type":"if","locations":[{"start":{"line":59,"column":1},"end":{"line":60,"column":null}},{"start":{},"end":{}}],"line":59},"4":{"loc":{"start":{"line":65,"column":1},"end":{"line":66,"column":null}},"type":"if","locations":[{"start":{"line":65,"column":1},"end":{"line":66,"column":null}},{"start":{},"end":{}}],"line":65},"5":{"loc":{"start":{"line":73,"column":1},"end":{"line":73,"column":null}},"type":"if","locations":[{"start":{"line":73,"column":1},"end":{"line":73,"column":null}},{"start":{},"end":{}}],"line":73},"6":{"loc":{"start":{"line":86,"column":19},"end":{"line":86,"column":53}},"type":"binary-expr","locations":[{"start":{"line":86,"column":19},"end":{"line":86,"column":49}},{"start":{"line":86,"column":49},"end":{"line":86,"column":53}}],"line":86},"7":{"loc":{"start":{"line":96,"column":1},"end":{"line":97,"column":null}},"type":"if","locations":[{"start":{"line":96,"column":1},"end":{"line":97,"column":null}},{"start":{},"end":{}}],"line":96}},"s":{"0":2,"1":2,"2":2,"3":1,"4":1,"5":1,"6":1,"7":1,"8":1,"9":1,"10":0,"11":0,"12":0,"13":0,"14":0,"15":1,"16":2,"17":0,"18":0,"19":0,"20":0,"21":0,"22":0,"23":0,"24":0,"25":0,"26":0,"27":0,"28":0,"29":0,"30":2,"31":0,"32":0,"33":0,"34":0,"35":0,"36":0},"f":{"0":1,"1":0,"2":0},"b":{"0":[1,0],"1":[0,0],"2":[0,0],"3":[0,0],"4":[0,0],"5":[0,0],"6":[0,0],"7":[0,0]},"meta":{"lastBranch":8,"lastFunction":3,"lastStatement":37,"seen":{"s:11:0:11:Infinity":0,"s:13:15:13:31":1,"s:15:0:54:Infinity":2,"f:15:75:15:82":0,"s:16:32:16:Infinity":3,"s:17:1:17:Infinity":4,"s:19:18:19:61":5,"s:21:87:21:Infinity":6,"s:23:1:23:Infinity":7,"b:25:1:26:Infinity:undefined:undefined:undefined:undefined":0,"s:25:1:26:Infinity":8,"s:26:2:26:Infinity":9,"b:30:1:36:Infinity:undefined:undefined:undefined:undefined":1,"s:30:1:36:Infinity":10,"s:31:2:35:Infinity":11,"s:36:2:36:Infinity":12,"s:40:1:45:Infinity":13,"s:46:1:52:Infinity":14,"b:50:19:50:49:50:49:50:53":2,"s:53:1:53:Infinity":15,"s:56:0:91:Infinity":16,"f:56:54:56:61":1,"s:57:25:57:Infinity":17,"b:59:1:60:Infinity:undefined:undefined:undefined:undefined":3,"s:59:1:60:Infinity":18,"s:60:2:60:Infinity":19,"s:63:18:63:65":20,"b:65:1:66:Infinity:undefined:undefined:undefined:undefined":4,"s:65:1:66:Infinity":21,"s:66:2:66:Infinity":22,"s:69:63:69:Infinity":23,"s:71:1:71:Infinity":24,"b:73:1:73:Infinity:undefined:undefined:undefined:undefined":5,"s:73:1:73:Infinity":25,"s:73:15:73:Infinity":26,"s:75:1:80:Infinity":27,"s:82:1:88:Infinity":28,"b:86:19:86:49:86:49:86:53":6,"s:90:1:90:Infinity":29,"s:93:0:105:Infinity":30,"f:93:36:93:43":2,"s:94:22:94:Infinity":31,"b:96:1:97:Infinity:undefined:undefined:undefined:undefined":7,"s:96:1:97:Infinity":32,"s:97:2:97:Infinity":33,"s:100:1:100:Infinity":34,"s:101:1:103:Infinity":35,"s:104:1:104:Infinity":36}}}
,"D:\\Repos\\comma\\server\\controllers\\CompanyController.ts": {"path":"D:\\Repos\\comma\\server\\controllers\\CompanyController.ts","statementMap":{"0":{"start":{"line":10,"column":15},"end":{"line":10,"column":31}},"1":{"start":{"line":12,"column":0},"end":{"line":12,"column":null}},"2":{"start":{"line":14,"column":0},"end":{"line":26,"column":null}},"3":{"start":{"line":15,"column":19},"end":{"line":15,"column":null}},"4":{"start":{"line":16,"column":29},"end":{"line":16,"column":null}},"5":{"start":{"line":18,"column":1},"end":{"line":18,"column":null}},"6":{"start":{"line":20,"column":1},"end":{"line":21,"column":null}},"7":{"start":{"line":21,"column":2},"end":{"line":21,"column":null}},"8":{"start":{"line":24,"column":1},"end":{"line":24,"column":null}},"9":{"start":{"line":25,"column":1},"end":{"line":25,"column":null}},"10":{"start":{"line":28,"column":0},"end":{"line":34,"column":null}},"11":{"start":{"line":29,"column":19},"end":{"line":29,"column":null}},"12":{"start":{"line":30,"column":1},"end":{"line":30,"column":null}},"13":{"start":{"line":32,"column":14},"end":{"line":32,"column":60}},"14":{"start":{"line":33,"column":1},"end":{"line":33,"column":null}},"15":{"start":{"line":36,"column":0},"end":{"line":46,"column":null}},"16":{"start":{"line":37,"column":19},"end":{"line":37,"column":null}},"17":{"start":{"line":38,"column":1},"end":{"line":38,"column":null}},"18":{"start":{"line":40,"column":1},"end":{"line":41,"column":null}},"19":{"start":{"line":41,"column":2},"end":{"line":41,"column":null}},"20":{"start":{"line":44,"column":14},"end":{"line":44,"column":97}},"21":{"start":{"line":45,"column":1},"end":{"line":45,"column":null}},"22":{"start":{"line":48,"column":0},"end":{"line":58,"column":null}},"23":{"start":{"line":49,"column":19},"end":{"line":49,"column":null}},"24":{"start":{"line":50,"column":1},"end":{"line":50,"column":null}},"25":{"start":{"line":52,"column":1},"end":{"line":53,"column":null}},"26":{"start":{"line":53,"column":2},"end":{"line":53,"column":null}},"27":{"start":{"line":56,"column":14},"end":{"line":56,"column":97}},"28":{"start":{"line":57,"column":1},"end":{"line":57,"column":null}},"29":{"start":{"line":60,"column":0},"end":{"line":66,"column":null}},"30":{"start":{"line":61,"column":19},"end":{"line":61,"column":null}},"31":{"start":{"line":62,"column":1},"end":{"line":62,"column":null}},"32":{"start":{"line":64,"column":1},"end":{"line":64,"column":null}},"33":{"start":{"line":65,"column":1},"end":{"line":65,"column":null}},"34":{"start":{"line":68,"column":0},"end":{"line":74,"column":null}},"35":{"start":{"line":69,"column":19},"end":{"line":69,"column":null}},"36":{"start":{"line":70,"column":1},"end":{"line":70,"column":null}},"37":{"start":{"line":72,"column":1},"end":{"line":72,"column":null}},"38":{"start":{"line":73,"column":1},"end":{"line":73,"column":null}},"39":{"start":{"line":76,"column":0},"end":{"line":82,"column":null}},"40":{"start":{"line":77,"column":19},"end":{"line":77,"column":null}},"41":{"start":{"line":78,"column":1},"end":{"line":78,"column":null}},"42":{"start":{"line":80,"column":14},"end":{"line":80,"column":54}},"43":{"start":{"line":81,"column":1},"end":{"line":81,"column":null}}},"fnMap":{"0":{"name":"(anonymous_0)","decl":{"start":{"line":14,"column":29},"end":{"line":14,"column":36}},"loc":{"start":{"line":14,"column":68},"end":{"line":26,"column":3}},"line":14},"1":{"name":"(anonymous_1)","decl":{"start":{"line":28,"column":31},"end":{"line":28,"column":38}},"loc":{"start":{"line":28,"column":70},"end":{"line":34,"column":3}},"line":28},"2":{"name":"(anonymous_2)","decl":{"start":{"line":36,"column":40},"end":{"line":36,"column":47}},"loc":{"start":{"line":36,"column":79},"end":{"line":46,"column":3}},"line":36},"3":{"name":"(anonymous_3)","decl":{"start":{"line":48,"column":40},"end":{"line":48,"column":47}},"loc":{"start":{"line":48,"column":79},"end":{"line":58,"column":3}},"line":48},"4":{"name":"(anonymous_4)","decl":{"start":{"line":60,"column":42},"end":{"line":60,"column":49}},"loc":{"start":{"line":60,"column":81},"end":{"line":66,"column":3}},"line":60},"5":{"name":"(anonymous_5)","decl":{"start":{"line":68,"column":42},"end":{"line":68,"column":49}},"loc":{"start":{"line":68,"column":81},"end":{"line":74,"column":3}},"line":68},"6":{"name":"(anonymous_6)","decl":{"start":{"line":76,"column":34},"end":{"line":76,"column":41}},"loc":{"start":{"line":76,"column":73},"end":{"line":82,"column":3}},"line":76}},"branchMap":{"0":{"loc":{"start":{"line":20,"column":1},"end":{"line":21,"column":null}},"type":"if","locations":[{"start":{"line":20,"column":1},"end":{"line":21,"column":null}},{"start":{},"end":{}}],"line":20},"1":{"loc":{"start":{"line":20,"column":5},"end":{"line":20,"column":52}},"type":"binary-expr","locations":[{"start":{"line":20,"column":5},"end":{"line":20,"column":17}},{"start":{"line":20,"column":17},"end":{"line":20,"column":52}}],"line":20},"2":{"loc":{"start":{"line":40,"column":1},"end":{"line":41,"column":null}},"type":"if","locations":[{"start":{"line":40,"column":1},"end":{"line":41,"column":null}},{"start":{},"end":{}}],"line":40},"3":{"loc":{"start":{"line":52,"column":1},"end":{"line":53,"column":null}},"type":"if","locations":[{"start":{"line":52,"column":1},"end":{"line":53,"column":null}},{"start":{},"end":{}}],"line":52}},"s":{"0":2,"1":2,"2":2,"3":0,"4":0,"5":0,"6":0,"7":0,"8":0,"9":0,"10":2,"11":0,"12":0,"13":0,"14":0,"15":2,"16":0,"17":0,"18":0,"19":0,"20":0,"21":0,"22":2,"23":0,"24":0,"25":0,"26":0,"27":0,"28":0,"29":2,"30":0,"31":0,"32":0,"33":0,"34":2,"35":0,"36":0,"37":0,"38":0,"39":2,"40":0,"41":0,"42":0,"43":0},"f":{"0":0,"1":0,"2":0,"3":0,"4":0,"5":0,"6":0},"b":{"0":[0,0],"1":[0,0],"2":[0,0],"3":[0,0]},"meta":{"lastBranch":4,"lastFunction":7,"lastStatement":44,"seen":{"s:10:15:10:31":0,"s:12:0:12:Infinity":1,"s:14:0:26:Infinity":2,"f:14:29:14:36":0,"s:15:19:15:Infinity":3,"s:16:29:16:Infinity":4,"s:18:1:18:Infinity":5,"b:20:1:21:Infinity:undefined:undefined:undefined:undefined":0,"s:20:1:21:Infinity":6,"b:20:5:20:17:20:17:20:52":1,"s:21:2:21:Infinity":7,"s:24:1:24:Infinity":8,"s:25:1:25:Infinity":9,"s:28:0:34:Infinity":10,"f:28:31:28:38":1,"s:29:19:29:Infinity":11,"s:30:1:30:Infinity":12,"s:32:14:32:60":13,"s:33:1:33:Infinity":14,"s:36:0:46:Infinity":15,"f:36:40:36:47":2,"s:37:19:37:Infinity":16,"s:38:1:38:Infinity":17,"b:40:1:41:Infinity:undefined:undefined:undefined:undefined":2,"s:40:1:41:Infinity":18,"s:41:2:41:Infinity":19,"s:44:14:44:97":20,"s:45:1:45:Infinity":21,"s:48:0:58:Infinity":22,"f:48:40:48:47":3,"s:49:19:49:Infinity":23,"s:50:1:50:Infinity":24,"b:52:1:53:Infinity:undefined:undefined:undefined:undefined":3,"s:52:1:53:Infinity":25,"s:53:2:53:Infinity":26,"s:56:14:56:97":27,"s:57:1:57:Infinity":28,"s:60:0:66:Infinity":29,"f:60:42:60:49":4,"s:61:19:61:Infinity":30,"s:62:1:62:Infinity":31,"s:64:1:64:Infinity":32,"s:65:1:65:Infinity":33,"s:68:0:74:Infinity":34,"f:68:42:68:49":5,"s:69:19:69:Infinity":35,"s:70:1:70:Infinity":36,"s:72:1:72:Infinity":37,"s:73:1:73:Infinity":38,"s:76:0:82:Infinity":39,"f:76:34:76:41":6,"s:77:19:77:Infinity":40,"s:78:1:78:Infinity":41,"s:80:14:80:54":42,"s:81:1:81:Infinity":43}}}
,"D:\\Repos\\comma\\server\\controllers\\ConfigController.ts": {"path":"D:\\Repos\\comma\\server\\controllers\\ConfigController.ts","statementMap":{"0":{"start":{"line":15,"column":15},"end":{"line":15,"column":31}},"1":{"start":{"line":17,"column":0},"end":{"line":17,"column":null}},"2":{"start":{"line":19,"column":0},"end":{"line":31,"column":null}},"3":{"start":{"line":20,"column":1},"end":{"line":20,"column":null}},"4":{"start":{"line":21,"column":17},"end":{"line":21,"column":49}},"5":{"start":{"line":23,"column":1},"end":{"line":26,"column":null}},"6":{"start":{"line":24,"column":2},"end":{"line":24,"column":null}},"7":{"start":{"line":25,"column":2},"end":{"line":25,"column":null}},"8":{"start":{"line":26,"column":2},"end":{"line":26,"column":null}},"9":{"start":{"line":29,"column":1},"end":{"line":29,"column":null}},"10":{"start":{"line":30,"column":1},"end":{"line":30,"column":null}},"11":{"start":{"line":33,"column":0},"end":{"line":47,"column":null}},"12":{"start":{"line":34,"column":19},"end":{"line":34,"column":null}},"13":{"start":{"line":35,"column":1},"end":{"line":35,"column":null}},"14":{"start":{"line":37,"column":21},"end":{"line":37,"column":61}},"15":{"start":{"line":39,"column":1},"end":{"line":42,"column":null}},"16":{"start":{"line":40,"column":2},"end":{"line":40,"column":null}},"17":{"start":{"line":41,"column":2},"end":{"line":41,"column":null}},"18":{"start":{"line":42,"column":2},"end":{"line":42,"column":null}},"19":{"start":{"line":45,"column":1},"end":{"line":45,"column":null}},"20":{"start":{"line":46,"column":1},"end":{"line":46,"column":null}},"21":{"start":{"line":49,"column":0},"end":{"line":63,"column":null}},"22":{"start":{"line":50,"column":1},"end":{"line":50,"column":null}},"23":{"start":{"line":52,"column":14},"end":{"line":52,"column":null}},"24":{"start":{"line":53,"column":36},"end":{"line":53,"column":null}},"25":{"start":{"line":54,"column":14},"end":{"line":54,"column":null}},"26":{"start":{"line":56,"column":1},"end":{"line":57,"column":null}},"27":{"start":{"line":57,"column":2},"end":{"line":57,"column":null}},"28":{"start":{"line":60,"column":1},"end":{"line":60,"column":null}},"29":{"start":{"line":61,"column":1},"end":{"line":61,"column":null}},"30":{"start":{"line":62,"column":1},"end":{"line":62,"column":null}},"31":{"start":{"line":65,"column":0},"end":{"line":73,"column":null}},"32":{"start":{"line":66,"column":14},"end":{"line":66,"column":null}},"33":{"start":{"line":67,"column":1},"end":{"line":67,"column":null}},"34":{"start":{"line":67,"column":32},"end":{"line":67,"column":null}},"35":{"start":{"line":69,"column":1},"end":{"line":69,"column":null}},"36":{"start":{"line":70,"column":1},"end":{"line":70,"column":null}},"37":{"start":{"line":71,"column":1},"end":{"line":71,"column":null}},"38":{"start":{"line":72,"column":1},"end":{"line":72,"column":null}},"39":{"start":{"line":75,"column":0},"end":{"line":83,"column":null}},"40":{"start":{"line":76,"column":14},"end":{"line":76,"column":null}},"41":{"start":{"line":77,"column":1},"end":{"line":77,"column":null}},"42":{"start":{"line":77,"column":32},"end":{"line":77,"column":null}},"43":{"start":{"line":79,"column":1},"end":{"line":79,"column":null}},"44":{"start":{"line":80,"column":1},"end":{"line":80,"column":null}},"45":{"start":{"line":81,"column":1},"end":{"line":81,"column":null}},"46":{"start":{"line":82,"column":1},"end":{"line":82,"column":null}}},"fnMap":{"0":{"name":"(anonymous_0)","decl":{"start":{"line":19,"column":29},"end":{"line":19,"column":36}},"loc":{"start":{"line":19,"column":68},"end":{"line":31,"column":3}},"line":19},"1":{"name":"(anonymous_1)","decl":{"start":{"line":33,"column":39},"end":{"line":33,"column":46}},"loc":{"start":{"line":33,"column":78},"end":{"line":47,"column":3}},"line":33},"2":{"name":"(anonymous_2)","decl":{"start":{"line":49,"column":54},"end":{"line":49,"column":61}},"loc":{"start":{"line":49,"column":93},"end":{"line":63,"column":3}},"line":49},"3":{"name":"(anonymous_3)","decl":{"start":{"line":65,"column":47},"end":{"line":65,"column":54}},"loc":{"start":{"line":65,"column":86},"end":{"line":73,"column":3}},"line":65},"4":{"name":"(anonymous_4)","decl":{"start":{"line":75,"column":45},"end":{"line":75,"column":52}},"loc":{"start":{"line":75,"column":84},"end":{"line":83,"column":3}},"line":75}},"branchMap":{"0":{"loc":{"start":{"line":23,"column":1},"end":{"line":26,"column":null}},"type":"if","locations":[{"start":{"line":23,"column":1},"end":{"line":26,"column":null}},{"start":{},"end":{}}],"line":23},"1":{"loc":{"start":{"line":23,"column":5},"end":{"line":23,"column":52}},"type":"binary-expr","locations":[{"start":{"line":23,"column":5},"end":{"line":23,"column":17}},{"start":{"line":23,"column":17},"end":{"line":23,"column":52}}],"line":23},"2":{"loc":{"start":{"line":39,"column":1},"end":{"line":42,"column":null}},"type":"if","locations":[{"start":{"line":39,"column":1},"end":{"line":42,"column":null}},{"start":{},"end":{}}],"line":39},"3":{"loc":{"start":{"line":39,"column":5},"end":{"line":39,"column":56}},"type":"binary-expr","locations":[{"start":{"line":39,"column":5},"end":{"line":39,"column":29}},{"start":{"line":39,"column":29},"end":{"line":39,"column":56}}],"line":39},"4":{"loc":{"start":{"line":56,"column":1},"end":{"line":57,"column":null}},"type":"if","locations":[{"start":{"line":56,"column":1},"end":{"line":57,"column":null}},{"start":{},"end":{}}],"line":56},"5":{"loc":{"start":{"line":56,"column":5},"end":{"line":56,"column":32}},"type":"binary-expr","locations":[{"start":{"line":56,"column":5},"end":{"line":56,"column":14}},{"start":{"line":56,"column":14},"end":{"line":56,"column":32}}],"line":56},"6":{"loc":{"start":{"line":67,"column":1},"end":{"line":67,"column":null}},"type":"if","locations":[{"start":{"line":67,"column":1},"end":{"line":67,"column":null}},{"start":{},"end":{}}],"line":67},"7":{"loc":{"start":{"line":67,"column":5},"end":{"line":67,"column":32}},"type":"binary-expr","locations":[{"start":{"line":67,"column":5},"end":{"line":67,"column":14}},{"start":{"line":67,"column":14},"end":{"line":67,"column":32}}],"line":67},"8":{"loc":{"start":{"line":77,"column":1},"end":{"line":77,"column":null}},"type":"if","locations":[{"start":{"line":77,"column":1},"end":{"line":77,"column":null}},{"start":{},"end":{}}],"line":77},"9":{"loc":{"start":{"line":77,"column":5},"end":{"line":77,"column":32}},"type":"binary-expr","locations":[{"start":{"line":77,"column":5},"end":{"line":77,"column":14}},{"start":{"line":77,"column":14},"end":{"line":77,"column":32}}],"line":77}},"s":{"0":2,"1":2,"2":2,"3":0,"4":0,"5":0,"6":0,"7":0,"8":0,"9":0,"10":0,"11":2,"12":0,"13":0,"14":0,"15":0,"16":0,"17":0,"18":0,"19":0,"20":0,"21":2,"22":0,"23":0,"24":0,"25":0,"26":0,"27":0,"28":0,"29":0,"30":0,"31":2,"32":0,"33":0,"34":0,"35":0,"36":0,"37":0,"38":0,"39":2,"40":0,"41":0,"42":0,"43":0,"44":0,"45":0,"46":0},"f":{"0":0,"1":0,"2":0,"3":0,"4":0},"b":{"0":[0,0],"1":[0,0],"2":[0,0],"3":[0,0],"4":[0,0],"5":[0,0],"6":[0,0],"7":[0,0],"8":[0,0],"9":[0,0]},"meta":{"lastBranch":10,"lastFunction":5,"lastStatement":47,"seen":{"s:15:15:15:31":0,"s:17:0:17:Infinity":1,"s:19:0:31:Infinity":2,"f:19:29:19:36":0,"s:20:1:20:Infinity":3,"s:21:17:21:49":4,"b:23:1:26:Infinity:undefined:undefined:undefined:undefined":0,"s:23:1:26:Infinity":5,"b:23:5:23:17:23:17:23:52":1,"s:24:2:24:Infinity":6,"s:25:2:25:Infinity":7,"s:26:2:26:Infinity":8,"s:29:1:29:Infinity":9,"s:30:1:30:Infinity":10,"s:33:0:47:Infinity":11,"f:33:39:33:46":1,"s:34:19:34:Infinity":12,"s:35:1:35:Infinity":13,"s:37:21:37:61":14,"b:39:1:42:Infinity:undefined:undefined:undefined:undefined":2,"s:39:1:42:Infinity":15,"b:39:5:39:29:39:29:39:56":3,"s:40:2:40:Infinity":16,"s:41:2:41:Infinity":17,"s:42:2:42:Infinity":18,"s:45:1:45:Infinity":19,"s:46:1:46:Infinity":20,"s:49:0:63:Infinity":21,"f:49:54:49:61":2,"s:50:1:50:Infinity":22,"s:52:14:52:Infinity":23,"s:53:36:53:Infinity":24,"s:54:14:54:Infinity":25,"b:56:1:57:Infinity:undefined:undefined:undefined:undefined":4,"s:56:1:57:Infinity":26,"b:56:5:56:14:56:14:56:32":5,"s:57:2:57:Infinity":27,"s:60:1:60:Infinity":28,"s:61:1:61:Infinity":29,"s:62:1:62:Infinity":30,"s:65:0:73:Infinity":31,"f:65:47:65:54":3,"s:66:14:66:Infinity":32,"b:67:1:67:Infinity:undefined:undefined:undefined:undefined":6,"s:67:1:67:Infinity":33,"b:67:5:67:14:67:14:67:32":7,"s:67:32:67:Infinity":34,"s:69:1:69:Infinity":35,"s:70:1:70:Infinity":36,"s:71:1:71:Infinity":37,"s:72:1:72:Infinity":38,"s:75:0:83:Infinity":39,"f:75:45:75:52":4,"s:76:14:76:Infinity":40,"b:77:1:77:Infinity:undefined:undefined:undefined:undefined":8,"s:77:1:77:Infinity":41,"b:77:5:77:14:77:14:77:32":9,"s:77:32:77:Infinity":42,"s:79:1:79:Infinity":43,"s:80:1:80:Infinity":44,"s:81:1:81:Infinity":45,"s:82:1:82:Infinity":46}}}
,"D:\\Repos\\comma\\server\\controllers\\StatsController.ts": {"path":"D:\\Repos\\comma\\server\\controllers\\StatsController.ts","statementMap":{"0":{"start":{"line":7,"column":15},"end":{"line":7,"column":31}},"1":{"start":{"line":9,"column":0},"end":{"line":9,"column":null}},"2":{"start":{"line":11,"column":0},"end":{"line":20,"column":null}},"3":{"start":{"line":12,"column":19},"end":{"line":12,"column":null}},"4":{"start":{"line":13,"column":19},"end":{"line":13,"column":null}},"5":{"start":{"line":14,"column":20},"end":{"line":14,"column":null}},"6":{"start":{"line":16,"column":1},"end":{"line":16,"column":null}},"7":{"start":{"line":18,"column":14},"end":{"line":18,"column":82}},"8":{"start":{"line":19,"column":1},"end":{"line":19,"column":null}}},"fnMap":{"0":{"name":"(anonymous_0)","decl":{"start":{"line":11,"column":36},"end":{"line":11,"column":43}},"loc":{"start":{"line":11,"column":75},"end":{"line":20,"column":3}},"line":11}},"branchMap":{"0":{"loc":{"start":{"line":13,"column":19},"end":{"line":13,"column":null}},"type":"cond-expr","locations":[{"start":{"line":13,"column":41},"end":{"line":13,"column":80}},{"start":{"line":13,"column":83},"end":{"line":13,"column":null}}],"line":13},"1":{"loc":{"start":{"line":14,"column":20},"end":{"line":14,"column":null}},"type":"cond-expr","locations":[{"start":{"line":14,"column":39},"end":{"line":14,"column":75}},{"start":{"line":14,"column":78},"end":{"line":14,"column":null}}],"line":14}},"s":{"0":2,"1":2,"2":2,"3":0,"4":0,"5":0,"6":0,"7":0,"8":0},"f":{"0":0},"b":{"0":[0,0],"1":[0,0]},"meta":{"lastBranch":2,"lastFunction":1,"lastStatement":9,"seen":{"s:7:15:7:31":0,"s:9:0:9:Infinity":1,"s:11:0:20:Infinity":2,"f:11:36:11:43":0,"s:12:19:12:Infinity":3,"s:13:19:13:Infinity":4,"b:13:41:13:80:13:83:13:Infinity":0,"s:14:20:14:Infinity":5,"b:14:39:14:75:14:78:14:Infinity":1,"s:16:1:16:Infinity":6,"s:18:14:18:82":7,"s:19:1:19:Infinity":8}}}
,"D:\\Repos\\comma\\server\\controllers\\TcmbController.ts": {"path":"D:\\Repos\\comma\\server\\controllers\\TcmbController.ts","statementMap":{"0":{"start":{"line":8,"column":15},"end":{"line":8,"column":31}},"1":{"start":{"line":10,"column":0},"end":{"line":10,"column":null}},"2":{"start":{"line":12,"column":0},"end":{"line":17,"column":null}},"3":{"start":{"line":13,"column":1},"end":{"line":13,"column":null}},"4":{"start":{"line":14,"column":14},"end":{"line":14,"column":50}},"5":{"start":{"line":15,"column":1},"end":{"line":15,"column":null}},"6":{"start":{"line":15,"column":12},"end":{"line":15,"column":null}},"7":{"start":{"line":16,"column":1},"end":{"line":16,"column":null}}},"fnMap":{"0":{"name":"(anonymous_0)","decl":{"start":{"line":12,"column":29},"end":{"line":12,"column":36}},"loc":{"start":{"line":12,"column":49},"end":{"line":17,"column":3}},"line":12}},"branchMap":{"0":{"loc":{"start":{"line":15,"column":1},"end":{"line":15,"column":null}},"type":"if","locations":[{"start":{"line":15,"column":1},"end":{"line":15,"column":null}},{"start":{},"end":{}}],"line":15}},"s":{"0":2,"1":2,"2":2,"3":0,"4":0,"5":0,"6":0,"7":0},"f":{"0":0},"b":{"0":[0,0]},"meta":{"lastBranch":1,"lastFunction":1,"lastStatement":8,"seen":{"s:8:15:8:31":0,"s:10:0:10:Infinity":1,"s:12:0:17:Infinity":2,"f:12:29:12:36":0,"s:13:1:13:Infinity":3,"s:14:14:14:50":4,"b:15:1:15:Infinity:undefined:undefined:undefined:undefined":0,"s:15:1:15:Infinity":5,"s:15:12:15:Infinity":6,"s:16:1:16:Infinity":7}}}
,"D:\\Repos\\comma\\server\\controllers\\TwoFactorController.ts": {"path":"D:\\Repos\\comma\\server\\controllers\\TwoFactorController.ts","statementMap":{"0":{"start":{"line":11,"column":0},"end":{"line":11,"column":null}},"1":{"start":{"line":13,"column":15},"end":{"line":13,"column":31}},"2":{"start":{"line":16,"column":6},"end":{"line":41,"column":null}},"3":{"start":{"line":21,"column":20},"end":{"line":21,"column":null}},"4":{"start":{"line":23,"column":2},"end":{"line":24,"column":null}},"5":{"start":{"line":24,"column":4},"end":{"line":24,"column":null}},"6":{"start":{"line":27,"column":2},"end":{"line":41,"column":null}},"7":{"start":{"line":28,"column":20},"end":{"line":28,"column":75}},"8":{"start":{"line":33,"column":4},"end":{"line":34,"column":null}},"9":{"start":{"line":34,"column":6},"end":{"line":34,"column":null}},"10":{"start":{"line":37,"column":4},"end":{"line":37,"column":null}},"11":{"start":{"line":38,"column":4},"end":{"line":38,"column":null}},"12":{"start":{"line":40,"column":4},"end":{"line":40,"column":null}},"13":{"start":{"line":40,"column":44},"end":{"line":40,"column":null}},"14":{"start":{"line":41,"column":4},"end":{"line":41,"column":null}},"15":{"start":{"line":49,"column":0},"end":{"line":55,"column":null}},"16":{"start":{"line":50,"column":17},"end":{"line":50,"column":null}},"17":{"start":{"line":51,"column":2},"end":{"line":51,"column":null}},"18":{"start":{"line":51,"column":15},"end":{"line":51,"column":null}},"19":{"start":{"line":53,"column":18},"end":{"line":53,"column":58}},"20":{"start":{"line":54,"column":2},"end":{"line":54,"column":null}},"21":{"start":{"line":61,"column":0},"end":{"line":77,"column":null}},"22":{"start":{"line":62,"column":17},"end":{"line":62,"column":null}},"23":{"start":{"line":63,"column":2},"end":{"line":63,"column":null}},"24":{"start":{"line":63,"column":15},"end":{"line":63,"column":null}},"25":{"start":{"line":65,"column":20},"end":{"line":65,"column":60}},"26":{"start":{"line":66,"column":2},"end":{"line":66,"column":null}},"27":{"start":{"line":66,"column":17},"end":{"line":66,"column":null}},"28":{"start":{"line":68,"column":29},"end":{"line":68,"column":73}},"29":{"start":{"line":70,"column":21},"end":{"line":73,"column":null}},"30":{"start":{"line":76,"column":2},"end":{"line":76,"column":null}},"31":{"start":{"line":83,"column":0},"end":{"line":115,"column":null}},"32":{"start":{"line":84,"column":17},"end":{"line":84,"column":null}},"33":{"start":{"line":85,"column":31},"end":{"line":85,"column":null}},"34":{"start":{"line":87,"column":2},"end":{"line":87,"column":null}},"35":{"start":{"line":87,"column":15},"end":{"line":87,"column":null}},"36":{"start":{"line":88,"column":2},"end":{"line":88,"column":null}},"37":{"start":{"line":88,"column":28},"end":{"line":88,"column":null}},"38":{"start":{"line":92,"column":2},"end":{"line":95,"column":null}},"39":{"start":{"line":93,"column":4},"end":{"line":93,"column":null}},"40":{"start":{"line":95,"column":4},"end":{"line":95,"column":null}},"41":{"start":{"line":98,"column":2},"end":{"line":99,"column":null}},"42":{"start":{"line":99,"column":4},"end":{"line":99,"column":null}},"43":{"start":{"line":102,"column":17},"end":{"line":102,"column":83}},"44":{"start":{"line":104,"column":2},"end":{"line":105,"column":null}},"45":{"start":{"line":105,"column":4},"end":{"line":105,"column":null}},"46":{"start":{"line":108,"column":2},"end":{"line":108,"column":null}},"47":{"start":{"line":110,"column":2},"end":{"line":114,"column":null}},"48":{"start":{"line":121,"column":0},"end":{"line":167,"column":null}},"49":{"start":{"line":122,"column":17},"end":{"line":122,"column":null}},"50":{"start":{"line":123,"column":19},"end":{"line":123,"column":null}},"51":{"start":{"line":125,"column":2},"end":{"line":125,"column":null}},"52":{"start":{"line":125,"column":15},"end":{"line":125,"column":null}},"53":{"start":{"line":126,"column":2},"end":{"line":126,"column":null}},"54":{"start":{"line":126,"column":13},"end":{"line":126,"column":null}},"55":{"start":{"line":128,"column":17},"end":{"line":128,"column":65}},"56":{"start":{"line":130,"column":2},"end":{"line":137,"column":null}},"57":{"start":{"line":131,"column":4},"end":{"line":137,"column":null}},"58":{"start":{"line":141,"column":26},"end":{"line":141,"column":null}},"59":{"start":{"line":142,"column":22},"end":{"line":142,"column":64}},"60":{"start":{"line":144,"column":2},"end":{"line":145,"column":null}},"61":{"start":{"line":145,"column":4},"end":{"line":145,"column":null}},"62":{"start":{"line":148,"column":2},"end":{"line":153,"column":null}},"63":{"start":{"line":154,"column":2},"end":{"line":160,"column":null}},"64":{"start":{"line":162,"column":2},"end":{"line":166,"column":null}},"65":{"start":{"line":173,"column":0},"end":{"line":217,"column":null}},"66":{"start":{"line":174,"column":17},"end":{"line":174,"column":null}},"67":{"start":{"line":175,"column":19},"end":{"line":175,"column":null}},"68":{"start":{"line":177,"column":2},"end":{"line":177,"column":null}},"69":{"start":{"line":177,"column":15},"end":{"line":177,"column":null}},"70":{"start":{"line":178,"column":2},"end":{"line":178,"column":null}},"71":{"start":{"line":178,"column":13},"end":{"line":178,"column":null}},"72":{"start":{"line":180,"column":17},"end":{"line":180,"column":69}},"73":{"start":{"line":182,"column":2},"end":{"line":186,"column":null}},"74":{"start":{"line":183,"column":4},"end":{"line":186,"column":null}},"75":{"start":{"line":190,"column":26},"end":{"line":190,"column":null}},"76":{"start":{"line":191,"column":22},"end":{"line":191,"column":64}},"77":{"start":{"line":193,"column":2},"end":{"line":194,"column":null}},"78":{"start":{"line":194,"column":4},"end":{"line":194,"column":null}},"79":{"start":{"line":197,"column":2},"end":{"line":202,"column":null}},"80":{"start":{"line":203,"column":2},"end":{"line":209,"column":null}},"81":{"start":{"line":211,"column":2},"end":{"line":216,"column":null}},"82":{"start":{"line":223,"column":0},"end":{"line":242,"column":null}},"83":{"start":{"line":224,"column":17},"end":{"line":224,"column":null}},"84":{"start":{"line":225,"column":23},"end":{"line":225,"column":null}},"85":{"start":{"line":227,"column":2},"end":{"line":227,"column":null}},"86":{"start":{"line":227,"column":15},"end":{"line":227,"column":null}},"87":{"start":{"line":228,"column":2},"end":{"line":228,"column":null}},"88":{"start":{"line":228,"column":17},"end":{"line":228,"column":null}},"89":{"start":{"line":230,"column":17},"end":{"line":230,"column":65}},"90":{"start":{"line":232,"column":2},"end":{"line":233,"column":null}},"91":{"start":{"line":233,"column":4},"end":{"line":233,"column":null}},"92":{"start":{"line":236,"column":2},"end":{"line":236,"column":null}},"93":{"start":{"line":238,"column":2},"end":{"line":241,"column":null}}},"fnMap":{"0":{"name":"(anonymous_0)","decl":{"start":{"line":16,"column":6},"end":{"line":16,"column":null}},"loc":{"start":{"line":20,"column":5},"end":{"line":41,"column":null}},"line":20},"1":{"name":"(anonymous_1)","decl":{"start":{"line":49,"column":51},"end":{"line":49,"column":58}},"loc":{"start":{"line":49,"column":71},"end":{"line":55,"column":3}},"line":49},"2":{"name":"(anonymous_2)","decl":{"start":{"line":61,"column":51},"end":{"line":61,"column":58}},"loc":{"start":{"line":61,"column":71},"end":{"line":77,"column":3}},"line":61},"3":{"name":"(anonymous_3)","decl":{"start":{"line":83,"column":58},"end":{"line":83,"column":65}},"loc":{"start":{"line":83,"column":78},"end":{"line":115,"column":3}},"line":83},"4":{"name":"(anonymous_4)","decl":{"start":{"line":121,"column":73},"end":{"line":121,"column":80}},"loc":{"start":{"line":121,"column":93},"end":{"line":167,"column":3}},"line":121},"5":{"name":"(anonymous_5)","decl":{"start":{"line":173,"column":75},"end":{"line":173,"column":82}},"loc":{"start":{"line":173,"column":95},"end":{"line":217,"column":3}},"line":173},"6":{"name":"(anonymous_6)","decl":{"start":{"line":223,"column":53},"end":{"line":223,"column":60}},"loc":{"start":{"line":223,"column":73},"end":{"line":242,"column":3}},"line":223}},"branchMap":{"0":{"loc":{"start":{"line":21,"column":20},"end":{"line":21,"column":null}},"type":"binary-expr","locations":[{"start":{"line":21,"column":20},"end":{"line":21,"column":42}},{"start":{"line":21,"column":42},"end":{"line":21,"column":null}}],"line":21},"1":{"loc":{"start":{"line":23,"column":2},"end":{"line":24,"column":null}},"type":"if","locations":[{"start":{"line":23,"column":2},"end":{"line":24,"column":null}},{"start":{},"end":{}}],"line":23},"2":{"loc":{"start":{"line":33,"column":4},"end":{"line":34,"column":null}},"type":"if","locations":[{"start":{"line":33,"column":4},"end":{"line":34,"column":null}},{"start":{},"end":{}}],"line":33},"3":{"loc":{"start":{"line":40,"column":4},"end":{"line":40,"column":null}},"type":"if","locations":[{"start":{"line":40,"column":4},"end":{"line":40,"column":null}},{"start":{},"end":{}}],"line":40},"4":{"loc":{"start":{"line":51,"column":2},"end":{"line":51,"column":null}},"type":"if","locations":[{"start":{"line":51,"column":2},"end":{"line":51,"column":null}},{"start":{},"end":{}}],"line":51},"5":{"loc":{"start":{"line":63,"column":2},"end":{"line":63,"column":null}},"type":"if","locations":[{"start":{"line":63,"column":2},"end":{"line":63,"column":null}},{"start":{},"end":{}}],"line":63},"6":{"loc":{"start":{"line":66,"column":2},"end":{"line":66,"column":null}},"type":"if","locations":[{"start":{"line":66,"column":2},"end":{"line":66,"column":null}},{"start":{},"end":{}}],"line":66},"7":{"loc":{"start":{"line":87,"column":2},"end":{"line":87,"column":null}},"type":"if","locations":[{"start":{"line":87,"column":2},"end":{"line":87,"column":null}},{"start":{},"end":{}}],"line":87},"8":{"loc":{"start":{"line":88,"column":2},"end":{"line":88,"column":null}},"type":"if","locations":[{"start":{"line":88,"column":2},"end":{"line":88,"column":null}},{"start":{},"end":{}}],"line":88},"9":{"loc":{"start":{"line":88,"column":6},"end":{"line":88,"column":28}},"type":"binary-expr","locations":[{"start":{"line":88,"column":6},"end":{"line":88,"column":21}},{"start":{"line":88,"column":21},"end":{"line":88,"column":28}}],"line":88},"10":{"loc":{"start":{"line":98,"column":2},"end":{"line":99,"column":null}},"type":"if","locations":[{"start":{"line":98,"column":2},"end":{"line":99,"column":null}},{"start":{},"end":{}}],"line":98},"11":{"loc":{"start":{"line":98,"column":6},"end":{"line":98,"column":68}},"type":"binary-expr","locations":[{"start":{"line":98,"column":6},"end":{"line":98,"column":41}},{"start":{"line":98,"column":41},"end":{"line":98,"column":68}}],"line":98},"12":{"loc":{"start":{"line":104,"column":2},"end":{"line":105,"column":null}},"type":"if","locations":[{"start":{"line":104,"column":2},"end":{"line":105,"column":null}},{"start":{},"end":{}}],"line":104},"13":{"loc":{"start":{"line":125,"column":2},"end":{"line":125,"column":null}},"type":"if","locations":[{"start":{"line":125,"column":2},"end":{"line":125,"column":null}},{"start":{},"end":{}}],"line":125},"14":{"loc":{"start":{"line":126,"column":2},"end":{"line":126,"column":null}},"type":"if","locations":[{"start":{"line":126,"column":2},"end":{"line":126,"column":null}},{"start":{},"end":{}}],"line":126},"15":{"loc":{"start":{"line":130,"column":2},"end":{"line":137,"column":null}},"type":"if","locations":[{"start":{"line":130,"column":2},"end":{"line":137,"column":null}},{"start":{},"end":{}}],"line":130},"16":{"loc":{"start":{"line":144,"column":2},"end":{"line":145,"column":null}},"type":"if","locations":[{"start":{"line":144,"column":2},"end":{"line":145,"column":null}},{"start":{},"end":{}}],"line":144},"17":{"loc":{"start":{"line":158,"column":21},"end":{"line":158,"column":55}},"type":"binary-expr","locations":[{"start":{"line":158,"column":21},"end":{"line":158,"column":51}},{"start":{"line":158,"column":51},"end":{"line":158,"column":55}}],"line":158},"18":{"loc":{"start":{"line":177,"column":2},"end":{"line":177,"column":null}},"type":"if","locations":[{"start":{"line":177,"column":2},"end":{"line":177,"column":null}},{"start":{},"end":{}}],"line":177},"19":{"loc":{"start":{"line":178,"column":2},"end":{"line":178,"column":null}},"type":"if","locations":[{"start":{"line":178,"column":2},"end":{"line":178,"column":null}},{"start":{},"end":{}}],"line":178},"20":{"loc":{"start":{"line":182,"column":2},"end":{"line":186,"column":null}},"type":"if","locations":[{"start":{"line":182,"column":2},"end":{"line":186,"column":null}},{"start":{},"end":{}}],"line":182},"21":{"loc":{"start":{"line":193,"column":2},"end":{"line":194,"column":null}},"type":"if","locations":[{"start":{"line":193,"column":2},"end":{"line":194,"column":null}},{"start":{},"end":{}}],"line":193},"22":{"loc":{"start":{"line":207,"column":21},"end":{"line":207,"column":55}},"type":"binary-expr","locations":[{"start":{"line":207,"column":21},"end":{"line":207,"column":51}},{"start":{"line":207,"column":51},"end":{"line":207,"column":55}}],"line":207},"23":{"loc":{"start":{"line":227,"column":2},"end":{"line":227,"column":null}},"type":"if","locations":[{"start":{"line":227,"column":2},"end":{"line":227,"column":null}},{"start":{},"end":{}}],"line":227},"24":{"loc":{"start":{"line":228,"column":2},"end":{"line":228,"column":null}},"type":"if","locations":[{"start":{"line":228,"column":2},"end":{"line":228,"column":null}},{"start":{},"end":{}}],"line":228},"25":{"loc":{"start":{"line":232,"column":2},"end":{"line":233,"column":null}},"type":"if","locations":[{"start":{"line":232,"column":2},"end":{"line":233,"column":null}},{"start":{},"end":{}}],"line":232}},"s":{"0":2,"1":2,"2":2,"3":0,"4":0,"5":0,"6":0,"7":0,"8":0,"9":0,"10":0,"11":0,"12":0,"13":0,"14":0,"15":2,"16":0,"17":0,"18":0,"19":0,"20":0,"21":2,"22":0,"23":0,"24":0,"25":0,"26":0,"27":0,"28":0,"29":0,"30":0,"31":2,"32":0,"33":0,"34":0,"35":0,"36":0,"37":0,"38":0,"39":0,"40":0,"41":0,"42":0,"43":0,"44":0,"45":0,"46":0,"47":0,"48":2,"49":0,"50":0,"51":0,"52":0,"53":0,"54":0,"55":0,"56":0,"57":0,"58":0,"59":0,"60":0,"61":0,"62":0,"63":0,"64":0,"65":2,"66":0,"67":0,"68":0,"69":0,"70":0,"71":0,"72":0,"73":0,"74":0,"75":0,"76":0,"77":0,"78":0,"79":0,"80":0,"81":0,"82":2,"83":0,"84":0,"85":0,"86":0,"87":0,"88":0,"89":0,"90":0,"91":0,"92":0,"93":0},"f":{"0":0,"1":0,"2":0,"3":0,"4":0,"5":0,"6":0},"b":{"0":[0,0],"1":[0,0],"2":[0,0],"3":[0,0],"4":[0,0],"5":[0,0],"6":[0,0],"7":[0,0],"8":[0,0],"9":[0,0],"10":[0,0],"11":[0,0],"12":[0,0],"13":[0,0],"14":[0,0],"15":[0,0],"16":[0,0],"17":[0,0],"18":[0,0],"19":[0,0],"20":[0,0],"21":[0,0],"22":[0,0],"23":[0,0],"24":[0,0],"25":[0,0]},"meta":{"lastBranch":26,"lastFunction":7,"lastStatement":94,"seen":{"s:11:0:11:Infinity":0,"s:13:15:13:31":1,"s:16:6:41:Infinity":2,"f:16:6:16:Infinity":0,"s:21:20:21:Infinity":3,"b:21:20:21:42:21:42:21:Infinity":0,"b:23:2:24:Infinity:undefined:undefined:undefined:undefined":1,"s:23:2:24:Infinity":4,"s:24:4:24:Infinity":5,"s:27:2:41:Infinity":6,"s:28:20:28:75":7,"b:33:4:34:Infinity:undefined:undefined:undefined:undefined":2,"s:33:4:34:Infinity":8,"s:34:6:34:Infinity":9,"s:37:4:37:Infinity":10,"s:38:4:38:Infinity":11,"b:40:4:40:Infinity:undefined:undefined:undefined:undefined":3,"s:40:4:40:Infinity":12,"s:40:44:40:Infinity":13,"s:41:4:41:Infinity":14,"s:49:0:55:Infinity":15,"f:49:51:49:58":1,"s:50:17:50:Infinity":16,"b:51:2:51:Infinity:undefined:undefined:undefined:undefined":4,"s:51:2:51:Infinity":17,"s:51:15:51:Infinity":18,"s:53:18:53:58":19,"s:54:2:54:Infinity":20,"s:61:0:77:Infinity":21,"f:61:51:61:58":2,"s:62:17:62:Infinity":22,"b:63:2:63:Infinity:undefined:undefined:undefined:undefined":5,"s:63:2:63:Infinity":23,"s:63:15:63:Infinity":24,"s:65:20:65:60":25,"b:66:2:66:Infinity:undefined:undefined:undefined:undefined":6,"s:66:2:66:Infinity":26,"s:66:17:66:Infinity":27,"s:68:29:68:73":28,"s:70:21:73:Infinity":29,"s:76:2:76:Infinity":30,"s:83:0:115:Infinity":31,"f:83:58:83:65":3,"s:84:17:84:Infinity":32,"s:85:31:85:Infinity":33,"b:87:2:87:Infinity:undefined:undefined:undefined:undefined":7,"s:87:2:87:Infinity":34,"s:87:15:87:Infinity":35,"b:88:2:88:Infinity:undefined:undefined:undefined:undefined":8,"s:88:2:88:Infinity":36,"b:88:6:88:21:88:21:88:28":9,"s:88:28:88:Infinity":37,"s:92:2:95:Infinity":38,"s:93:4:93:Infinity":39,"s:95:4:95:Infinity":40,"b:98:2:99:Infinity:undefined:undefined:undefined:undefined":10,"s:98:2:99:Infinity":41,"b:98:6:98:41:98:41:98:68":11,"s:99:4:99:Infinity":42,"s:102:17:102:83":43,"b:104:2:105:Infinity:undefined:undefined:undefined:undefined":12,"s:104:2:105:Infinity":44,"s:105:4:105:Infinity":45,"s:108:2:108:Infinity":46,"s:110:2:114:Infinity":47,"s:121:0:167:Infinity":48,"f:121:73:121:80":4,"s:122:17:122:Infinity":49,"s:123:19:123:Infinity":50,"b:125:2:125:Infinity:undefined:undefined:undefined:undefined":13,"s:125:2:125:Infinity":51,"s:125:15:125:Infinity":52,"b:126:2:126:Infinity:undefined:undefined:undefined:undefined":14,"s:126:2:126:Infinity":53,"s:126:13:126:Infinity":54,"s:128:17:128:65":55,"b:130:2:137:Infinity:undefined:undefined:undefined:undefined":15,"s:130:2:137:Infinity":56,"s:131:4:137:Infinity":57,"s:141:26:141:Infinity":58,"s:142:22:142:64":59,"b:144:2:145:Infinity:undefined:undefined:undefined:undefined":16,"s:144:2:145:Infinity":60,"s:145:4:145:Infinity":61,"s:148:2:153:Infinity":62,"s:154:2:160:Infinity":63,"b:158:21:158:51:158:51:158:55":17,"s:162:2:166:Infinity":64,"s:173:0:217:Infinity":65,"f:173:75:173:82":5,"s:174:17:174:Infinity":66,"s:175:19:175:Infinity":67,"b:177:2:177:Infinity:undefined:undefined:undefined:undefined":18,"s:177:2:177:Infinity":68,"s:177:15:177:Infinity":69,"b:178:2:178:Infinity:undefined:undefined:undefined:undefined":19,"s:178:2:178:Infinity":70,"s:178:13:178:Infinity":71,"s:180:17:180:69":72,"b:182:2:186:Infinity:undefined:undefined:undefined:undefined":20,"s:182:2:186:Infinity":73,"s:183:4:186:Infinity":74,"s:190:26:190:Infinity":75,"s:191:22:191:64":76,"b:193:2:194:Infinity:undefined:undefined:undefined:undefined":21,"s:193:2:194:Infinity":77,"s:194:4:194:Infinity":78,"s:197:2:202:Infinity":79,"s:203:2:209:Infinity":80,"b:207:21:207:51:207:51:207:55":22,"s:211:2:216:Infinity":81,"s:223:0:242:Infinity":82,"f:223:53:223:60":6,"s:224:17:224:Infinity":83,"s:225:23:225:Infinity":84,"b:227:2:227:Infinity:undefined:undefined:undefined:undefined":23,"s:227:2:227:Infinity":85,"s:227:15:227:Infinity":86,"b:228:2:228:Infinity:undefined:undefined:undefined:undefined":24,"s:228:2:228:Infinity":87,"s:228:17:228:Infinity":88,"s:230:17:230:65":89,"b:232:2:233:Infinity:undefined:undefined:undefined:undefined":25,"s:232:2:233:Infinity":90,"s:233:4:233:Infinity":91,"s:236:2:236:Infinity":92,"s:238:2:241:Infinity":93}}}
,"D:\\Repos\\comma\\server\\controllers\\UserSettingsController.ts": {"path":"D:\\Repos\\comma\\server\\controllers\\UserSettingsController.ts","statementMap":{"0":{"start":{"line":9,"column":15},"end":{"line":9,"column":31}},"1":{"start":{"line":11,"column":0},"end":{"line":11,"column":null}},"2":{"start":{"line":14,"column":0},"end":{"line":23,"column":null}},"3":{"start":{"line":15,"column":1},"end":{"line":15,"column":null}},"4":{"start":{"line":17,"column":42},"end":{"line":17,"column":null}},"5":{"start":{"line":18,"column":16},"end":{"line":18,"column":null}},"6":{"start":{"line":20,"column":1},"end":{"line":20,"column":null}},"7":{"start":{"line":21,"column":1},"end":{"line":21,"column":null}},"8":{"start":{"line":22,"column":1},"end":{"line":22,"column":null}},"9":{"start":{"line":26,"column":0},"end":{"line":35,"column":null}},"10":{"start":{"line":27,"column":1},"end":{"line":27,"column":null}},"11":{"start":{"line":29,"column":42},"end":{"line":29,"column":null}},"12":{"start":{"line":30,"column":16},"end":{"line":30,"column":null}},"13":{"start":{"line":32,"column":1},"end":{"line":32,"column":null}},"14":{"start":{"line":33,"column":1},"end":{"line":33,"column":null}},"15":{"start":{"line":34,"column":1},"end":{"line":34,"column":null}}},"fnMap":{"0":{"name":"(anonymous_0)","decl":{"start":{"line":14,"column":69},"end":{"line":14,"column":76}},"loc":{"start":{"line":14,"column":108},"end":{"line":23,"column":3}},"line":14},"1":{"name":"(anonymous_1)","decl":{"start":{"line":26,"column":69},"end":{"line":26,"column":76}},"loc":{"start":{"line":26,"column":108},"end":{"line":35,"column":3}},"line":26}},"branchMap":{},"s":{"0":2,"1":2,"2":2,"3":0,"4":0,"5":0,"6":0,"7":0,"8":0,"9":2,"10":0,"11":0,"12":0,"13":0,"14":0,"15":0},"f":{"0":0,"1":0},"b":{},"meta":{"lastBranch":0,"lastFunction":2,"lastStatement":16,"seen":{"s:9:15:9:31":0,"s:11:0:11:Infinity":1,"s:14:0:23:Infinity":2,"f:14:69:14:76":0,"s:15:1:15:Infinity":3,"s:17:42:17:Infinity":4,"s:18:16:18:Infinity":5,"s:20:1:20:Infinity":6,"s:21:1:21:Infinity":7,"s:22:1:22:Infinity":8,"s:26:0:35:Infinity":9,"f:26:69:26:76":1,"s:27:1:27:Infinity":10,"s:29:42:29:Infinity":11,"s:30:16:30:Infinity":12,"s:32:1:32:Infinity":13,"s:33:1:33:Infinity":14,"s:34:1:34:Infinity":15}}}
,"D:\\Repos\\comma\\server\\controllers\\Admin\\CompanyManagementController.ts": {"path":"D:\\Repos\\comma\\server\\controllers\\Admin\\CompanyManagementController.ts","statementMap":{"0":{"start":{"line":9,"column":15},"end":{"line":9,"column":31}},"1":{"start":{"line":11,"column":0},"end":{"line":11,"column":null}},"2":{"start":{"line":13,"column":0},"end":{"line":17,"column":null}},"3":{"start":{"line":14,"column":1},"end":{"line":14,"column":null}},"4":{"start":{"line":15,"column":12},"end":{"line":15,"column":59}},"5":{"start":{"line":16,"column":1},"end":{"line":16,"column":null}},"6":{"start":{"line":19,"column":0},"end":{"line":25,"column":null}},"7":{"start":{"line":20,"column":43},"end":{"line":20,"column":null}},"8":{"start":{"line":21,"column":1},"end":{"line":21,"column":null}},"9":{"start":{"line":23,"column":14},"end":{"line":23,"column":82}},"10":{"start":{"line":24,"column":1},"end":{"line":24,"column":null}},"11":{"start":{"line":27,"column":0},"end":{"line":31,"column":null}},"12":{"start":{"line":28,"column":1},"end":{"line":28,"column":null}},"13":{"start":{"line":29,"column":14},"end":{"line":29,"column":67}},"14":{"start":{"line":30,"column":1},"end":{"line":30,"column":null}},"15":{"start":{"line":33,"column":0},"end":{"line":37,"column":null}},"16":{"start":{"line":34,"column":1},"end":{"line":34,"column":null}},"17":{"start":{"line":35,"column":14},"end":{"line":35,"column":76}},"18":{"start":{"line":36,"column":1},"end":{"line":36,"column":null}},"19":{"start":{"line":39,"column":0},"end":{"line":43,"column":null}},"20":{"start":{"line":40,"column":1},"end":{"line":40,"column":null}},"21":{"start":{"line":41,"column":1},"end":{"line":41,"column":null}},"22":{"start":{"line":42,"column":1},"end":{"line":42,"column":null}}},"fnMap":{"0":{"name":"(anonymous_0)","decl":{"start":{"line":13,"column":55},"end":{"line":13,"column":62}},"loc":{"start":{"line":13,"column":94},"end":{"line":17,"column":3}},"line":13},"1":{"name":"(anonymous_1)","decl":{"start":{"line":19,"column":66},"end":{"line":19,"column":73}},"loc":{"start":{"line":19,"column":105},"end":{"line":25,"column":3}},"line":19},"2":{"name":"(anonymous_2)","decl":{"start":{"line":27,"column":32},"end":{"line":27,"column":39}},"loc":{"start":{"line":27,"column":71},"end":{"line":31,"column":3}},"line":27},"3":{"name":"(anonymous_3)","decl":{"start":{"line":33,"column":57},"end":{"line":33,"column":64}},"loc":{"start":{"line":33,"column":96},"end":{"line":37,"column":3}},"line":33},"4":{"name":"(anonymous_4)","decl":{"start":{"line":39,"column":35},"end":{"line":39,"column":42}},"loc":{"start":{"line":39,"column":74},"end":{"line":43,"column":3}},"line":39}},"branchMap":{},"s":{"0":2,"1":2,"2":2,"3":0,"4":0,"5":0,"6":2,"7":0,"8":0,"9":0,"10":0,"11":2,"12":0,"13":0,"14":0,"15":2,"16":0,"17":0,"18":0,"19":2,"20":0,"21":0,"22":0},"f":{"0":0,"1":0,"2":0,"3":0,"4":0},"b":{},"meta":{"lastBranch":0,"lastFunction":5,"lastStatement":23,"seen":{"s:9:15:9:31":0,"s:11:0:11:Infinity":1,"s:13:0:17:Infinity":2,"f:13:55:13:62":0,"s:14:1:14:Infinity":3,"s:15:12:15:59":4,"s:16:1:16:Infinity":5,"s:19:0:25:Infinity":6,"f:19:66:19:73":1,"s:20:43:20:Infinity":7,"s:21:1:21:Infinity":8,"s:23:14:23:82":9,"s:24:1:24:Infinity":10,"s:27:0:31:Infinity":11,"f:27:32:27:39":2,"s:28:1:28:Infinity":12,"s:29:14:29:67":13,"s:30:1:30:Infinity":14,"s:33:0:37:Infinity":15,"f:33:57:33:64":3,"s:34:1:34:Infinity":16,"s:35:14:35:76":17,"s:36:1:36:Infinity":18,"s:39:0:43:Infinity":19,"f:39:35:39:42":4,"s:40:1:40:Infinity":20,"s:41:1:41:Infinity":21,"s:42:1:42:Infinity":22}}}
,"D:\\Repos\\comma\\server\\controllers\\Admin\\UserManagementController.ts": {"path":"D:\\Repos\\comma\\server\\controllers\\Admin\\UserManagementController.ts","statementMap":{"0":{"start":{"line":10,"column":15},"end":{"line":10,"column":31}},"1":{"start":{"line":12,"column":0},"end":{"line":12,"column":null}},"2":{"start":{"line":15,"column":0},"end":{"line":19,"column":null}},"3":{"start":{"line":16,"column":1},"end":{"line":16,"column":null}},"4":{"start":{"line":17,"column":12},"end":{"line":17,"column":69}},"5":{"start":{"line":18,"column":1},"end":{"line":18,"column":null}},"6":{"start":{"line":22,"column":0},"end":{"line":29,"column":null}},"7":{"start":{"line":23,"column":23},"end":{"line":23,"column":null}},"8":{"start":{"line":24,"column":43},"end":{"line":24,"column":null}},"9":{"start":{"line":25,"column":1},"end":{"line":25,"column":null}},"10":{"start":{"line":27,"column":14},"end":{"line":27,"column":99}},"11":{"start":{"line":28,"column":1},"end":{"line":28,"column":null}},"12":{"start":{"line":32,"column":0},"end":{"line":36,"column":null}},"13":{"start":{"line":33,"column":1},"end":{"line":33,"column":null}},"14":{"start":{"line":34,"column":14},"end":{"line":34,"column":64}},"15":{"start":{"line":35,"column":1},"end":{"line":35,"column":null}},"16":{"start":{"line":39,"column":0},"end":{"line":43,"column":null}},"17":{"start":{"line":40,"column":1},"end":{"line":40,"column":null}},"18":{"start":{"line":41,"column":14},"end":{"line":41,"column":86}},"19":{"start":{"line":42,"column":1},"end":{"line":42,"column":null}},"20":{"start":{"line":46,"column":0},"end":{"line":50,"column":null}},"21":{"start":{"line":47,"column":1},"end":{"line":47,"column":null}},"22":{"start":{"line":48,"column":1},"end":{"line":48,"column":null}},"23":{"start":{"line":49,"column":1},"end":{"line":49,"column":null}},"24":{"start":{"line":53,"column":0},"end":{"line":60,"column":null}},"25":{"start":{"line":54,"column":1},"end":{"line":54,"column":null}},"26":{"start":{"line":55,"column":22},"end":{"line":55,"column":null}},"27":{"start":{"line":56,"column":1},"end":{"line":56,"column":null}},"28":{"start":{"line":56,"column":16},"end":{"line":56,"column":null}},"29":{"start":{"line":58,"column":1},"end":{"line":58,"column":null}},"30":{"start":{"line":59,"column":1},"end":{"line":59,"column":null}}},"fnMap":{"0":{"name":"(anonymous_0)","decl":{"start":{"line":15,"column":58},"end":{"line":15,"column":65}},"loc":{"start":{"line":15,"column":97},"end":{"line":19,"column":3}},"line":15},"1":{"name":"(anonymous_1)","decl":{"start":{"line":22,"column":84},"end":{"line":22,"column":91}},"loc":{"start":{"line":22,"column":123},"end":{"line":29,"column":3}},"line":22},"2":{"name":"(anonymous_2)","decl":{"start":{"line":32,"column":32},"end":{"line":32,"column":39}},"loc":{"start":{"line":32,"column":71},"end":{"line":36,"column":3}},"line":32},"3":{"name":"(anonymous_3)","decl":{"start":{"line":39,"column":32},"end":{"line":39,"column":39}},"loc":{"start":{"line":39,"column":71},"end":{"line":43,"column":3}},"line":39},"4":{"name":"(anonymous_4)","decl":{"start":{"line":46,"column":35},"end":{"line":46,"column":42}},"loc":{"start":{"line":46,"column":74},"end":{"line":50,"column":3}},"line":46},"5":{"name":"(anonymous_5)","decl":{"start":{"line":53,"column":48},"end":{"line":53,"column":55}},"loc":{"start":{"line":53,"column":87},"end":{"line":60,"column":3}},"line":53}},"branchMap":{"0":{"loc":{"start":{"line":56,"column":1},"end":{"line":56,"column":null}},"type":"if","locations":[{"start":{"line":56,"column":1},"end":{"line":56,"column":null}},{"start":{},"end":{}}],"line":56}},"s":{"0":2,"1":2,"2":2,"3":0,"4":0,"5":0,"6":2,"7":0,"8":0,"9":0,"10":0,"11":0,"12":2,"13":0,"14":0,"15":0,"16":2,"17":0,"18":0,"19":0,"20":2,"21":0,"22":0,"23":0,"24":2,"25":0,"26":0,"27":0,"28":0,"29":0,"30":0},"f":{"0":0,"1":0,"2":0,"3":0,"4":0,"5":0},"b":{"0":[0,0]},"meta":{"lastBranch":1,"lastFunction":6,"lastStatement":31,"seen":{"s:10:15:10:31":0,"s:12:0:12:Infinity":1,"s:15:0:19:Infinity":2,"f:15:58:15:65":0,"s:16:1:16:Infinity":3,"s:17:12:17:69":4,"s:18:1:18:Infinity":5,"s:22:0:29:Infinity":6,"f:22:84:22:91":1,"s:23:23:23:Infinity":7,"s:24:43:24:Infinity":8,"s:25:1:25:Infinity":9,"s:27:14:27:99":10,"s:28:1:28:Infinity":11,"s:32:0:36:Infinity":12,"f:32:32:32:39":2,"s:33:1:33:Infinity":13,"s:34:14:34:64":14,"s:35:1:35:Infinity":15,"s:39:0:43:Infinity":16,"f:39:32:39:39":3,"s:40:1:40:Infinity":17,"s:41:14:41:86":18,"s:42:1:42:Infinity":19,"s:46:0:50:Infinity":20,"f:46:35:46:42":4,"s:47:1:47:Infinity":21,"s:48:1:48:Infinity":22,"s:49:1:49:Infinity":23,"s:53:0:60:Infinity":24,"f:53:48:53:55":5,"s:54:1:54:Infinity":25,"s:55:22:55:Infinity":26,"b:56:1:56:Infinity:undefined:undefined:undefined:undefined":0,"s:56:1:56:Infinity":27,"s:56:16:56:Infinity":28,"s:58:1:58:Infinity":29,"s:59:1:59:Infinity":30}}}
,"D:\\Repos\\comma\\server\\controllers\\Payable\\CustomersController.ts": {"path":"D:\\Repos\\comma\\server\\controllers\\Payable\\CustomersController.ts","statementMap":{"0":{"start":{"line":10,"column":15},"end":{"line":10,"column":31}},"1":{"start":{"line":12,"column":0},"end":{"line":12,"column":null}},"2":{"start":{"line":14,"column":0},"end":{"line":21,"column":null}},"3":{"start":{"line":15,"column":18},"end":{"line":15,"column":null}},"4":{"start":{"line":16,"column":35},"end":{"line":16,"column":null}},"5":{"start":{"line":17,"column":1},"end":{"line":17,"column":null}},"6":{"start":{"line":19,"column":12},"end":{"line":19,"column":77}},"7":{"start":{"line":20,"column":1},"end":{"line":20,"column":null}},"8":{"start":{"line":23,"column":0},"end":{"line":30,"column":null}},"9":{"start":{"line":24,"column":19},"end":{"line":24,"column":null}},"10":{"start":{"line":25,"column":43},"end":{"line":25,"column":null}},"11":{"start":{"line":26,"column":1},"end":{"line":26,"column":null}},"12":{"start":{"line":28,"column":14},"end":{"line":28,"column":92}},"13":{"start":{"line":29,"column":1},"end":{"line":29,"column":null}},"14":{"start":{"line":32,"column":0},"end":{"line":42,"column":null}},"15":{"start":{"line":34,"column":17},"end":{"line":34,"column":null}},"16":{"start":{"line":35,"column":33},"end":{"line":35,"column":null}},"17":{"start":{"line":36,"column":20},"end":{"line":36,"column":null}},"18":{"start":{"line":37,"column":2},"end":{"line":37,"column":null}},"19":{"start":{"line":39,"column":15},"end":{"line":39,"column":92}},"20":{"start":{"line":40,"column":2},"end":{"line":40,"column":null}},"21":{"start":{"line":44,"column":0},"end":{"line":50,"column":null}},"22":{"start":{"line":45,"column":19},"end":{"line":45,"column":null}},"23":{"start":{"line":46,"column":1},"end":{"line":46,"column":null}},"24":{"start":{"line":48,"column":14},"end":{"line":48,"column":67}},"25":{"start":{"line":49,"column":1},"end":{"line":49,"column":null}},"26":{"start":{"line":52,"column":0},"end":{"line":60,"column":null}},"27":{"start":{"line":53,"column":16},"end":{"line":53,"column":null}},"28":{"start":{"line":54,"column":18},"end":{"line":54,"column":null}},"29":{"start":{"line":55,"column":19},"end":{"line":55,"column":null}},"30":{"start":{"line":56,"column":1},"end":{"line":56,"column":null}},"31":{"start":{"line":58,"column":1},"end":{"line":58,"column":null}},"32":{"start":{"line":59,"column":1},"end":{"line":59,"column":null}},"33":{"start":{"line":62,"column":0},"end":{"line":69,"column":null}},"34":{"start":{"line":63,"column":16},"end":{"line":63,"column":null}},"35":{"start":{"line":64,"column":35},"end":{"line":64,"column":null}},"36":{"start":{"line":65,"column":1},"end":{"line":65,"column":null}},"37":{"start":{"line":67,"column":1},"end":{"line":67,"column":null}},"38":{"start":{"line":68,"column":1},"end":{"line":68,"column":null}}},"fnMap":{"0":{"name":"(anonymous_0)","decl":{"start":{"line":14,"column":65},"end":{"line":14,"column":72}},"loc":{"start":{"line":14,"column":125},"end":{"line":21,"column":3}},"line":14},"1":{"name":"(anonymous_1)","decl":{"start":{"line":23,"column":75},"end":{"line":23,"column":82}},"loc":{"start":{"line":23,"column":114},"end":{"line":30,"column":3}},"line":23},"2":{"name":"(anonymous_2)","decl":{"start":{"line":33,"column":14},"end":{"line":33,"column":21}},"loc":{"start":{"line":33,"column":119},"end":{"line":41,"column":null}},"line":33},"3":{"name":"(anonymous_3)","decl":{"start":{"line":44,"column":46},"end":{"line":44,"column":53}},"loc":{"start":{"line":44,"column":85},"end":{"line":50,"column":3}},"line":44},"4":{"name":"(anonymous_4)","decl":{"start":{"line":52,"column":68},"end":{"line":52,"column":75}},"loc":{"start":{"line":52,"column":140},"end":{"line":60,"column":3}},"line":52},"5":{"name":"(anonymous_5)","decl":{"start":{"line":62,"column":45},"end":{"line":62,"column":52}},"loc":{"start":{"line":62,"column":100},"end":{"line":69,"column":3}},"line":62}},"branchMap":{},"s":{"0":2,"1":2,"2":2,"3":0,"4":0,"5":0,"6":0,"7":0,"8":2,"9":0,"10":0,"11":0,"12":0,"13":0,"14":2,"15":0,"16":0,"17":0,"18":0,"19":0,"20":0,"21":2,"22":0,"23":0,"24":0,"25":0,"26":2,"27":0,"28":0,"29":0,"30":0,"31":0,"32":0,"33":2,"34":0,"35":0,"36":0,"37":0,"38":0},"f":{"0":0,"1":0,"2":0,"3":0,"4":0,"5":0},"b":{},"meta":{"lastBranch":0,"lastFunction":6,"lastStatement":39,"seen":{"s:10:15:10:31":0,"s:12:0:12:Infinity":1,"s:14:0:21:Infinity":2,"f:14:65:14:72":0,"s:15:18:15:Infinity":3,"s:16:35:16:Infinity":4,"s:17:1:17:Infinity":5,"s:19:12:19:77":6,"s:20:1:20:Infinity":7,"s:23:0:30:Infinity":8,"f:23:75:23:82":1,"s:24:19:24:Infinity":9,"s:25:43:25:Infinity":10,"s:26:1:26:Infinity":11,"s:28:14:28:92":12,"s:29:1:29:Infinity":13,"s:32:0:42:Infinity":14,"f:33:14:33:21":2,"s:34:17:34:Infinity":15,"s:35:33:35:Infinity":16,"s:36:20:36:Infinity":17,"s:37:2:37:Infinity":18,"s:39:15:39:92":19,"s:40:2:40:Infinity":20,"s:44:0:50:Infinity":21,"f:44:46:44:53":3,"s:45:19:45:Infinity":22,"s:46:1:46:Infinity":23,"s:48:14:48:67":24,"s:49:1:49:Infinity":25,"s:52:0:60:Infinity":26,"f:52:68:52:75":4,"s:53:16:53:Infinity":27,"s:54:18:54:Infinity":28,"s:55:19:55:Infinity":29,"s:56:1:56:Infinity":30,"s:58:1:58:Infinity":31,"s:59:1:59:Infinity":32,"s:62:0:69:Infinity":33,"f:62:45:62:52":5,"s:63:16:63:Infinity":34,"s:64:35:64:Infinity":35,"s:65:1:65:Infinity":36,"s:67:1:67:Infinity":37,"s:68:1:68:Infinity":38}}}
,"D:\\Repos\\comma\\server\\controllers\\Payable\\DebtsController.ts": {"path":"D:\\Repos\\comma\\server\\controllers\\Payable\\DebtsController.ts","statementMap":{"0":{"start":{"line":10,"column":15},"end":{"line":10,"column":31}},"1":{"start":{"line":12,"column":0},"end":{"line":12,"column":null}},"2":{"start":{"line":14,"column":0},"end":{"line":21,"column":null}},"3":{"start":{"line":15,"column":14},"end":{"line":15,"column":null}},"4":{"start":{"line":16,"column":35},"end":{"line":16,"column":null}},"5":{"start":{"line":17,"column":1},"end":{"line":17,"column":null}},"6":{"start":{"line":19,"column":12},"end":{"line":19,"column":69}},"7":{"start":{"line":20,"column":1},"end":{"line":20,"column":null}},"8":{"start":{"line":23,"column":0},"end":{"line":30,"column":null}},"9":{"start":{"line":24,"column":22},"end":{"line":24,"column":null}},"10":{"start":{"line":25,"column":19},"end":{"line":25,"column":null}},"11":{"start":{"line":26,"column":1},"end":{"line":26,"column":null}},"12":{"start":{"line":28,"column":14},"end":{"line":28,"column":80}},"13":{"start":{"line":29,"column":1},"end":{"line":29,"column":null}},"14":{"start":{"line":32,"column":0},"end":{"line":39,"column":null}},"15":{"start":{"line":33,"column":19},"end":{"line":33,"column":null}},"16":{"start":{"line":34,"column":43},"end":{"line":34,"column":null}},"17":{"start":{"line":35,"column":1},"end":{"line":35,"column":null}},"18":{"start":{"line":37,"column":14},"end":{"line":37,"column":88}},"19":{"start":{"line":38,"column":1},"end":{"line":38,"column":null}},"20":{"start":{"line":41,"column":0},"end":{"line":49,"column":null}},"21":{"start":{"line":42,"column":16},"end":{"line":42,"column":null}},"22":{"start":{"line":43,"column":14},"end":{"line":43,"column":null}},"23":{"start":{"line":44,"column":19},"end":{"line":44,"column":null}},"24":{"start":{"line":45,"column":1},"end":{"line":45,"column":null}},"25":{"start":{"line":47,"column":1},"end":{"line":47,"column":null}},"26":{"start":{"line":48,"column":1},"end":{"line":48,"column":null}},"27":{"start":{"line":51,"column":0},"end":{"line":58,"column":null}},"28":{"start":{"line":52,"column":16},"end":{"line":52,"column":null}},"29":{"start":{"line":53,"column":35},"end":{"line":53,"column":null}},"30":{"start":{"line":54,"column":1},"end":{"line":54,"column":null}},"31":{"start":{"line":56,"column":1},"end":{"line":56,"column":null}},"32":{"start":{"line":57,"column":1},"end":{"line":57,"column":null}},"33":{"start":{"line":60,"column":0},"end":{"line":67,"column":null}},"34":{"start":{"line":61,"column":19},"end":{"line":61,"column":null}},"35":{"start":{"line":62,"column":23},"end":{"line":62,"column":null}},"36":{"start":{"line":63,"column":1},"end":{"line":63,"column":null}},"37":{"start":{"line":65,"column":14},"end":{"line":65,"column":85}},"38":{"start":{"line":66,"column":1},"end":{"line":66,"column":null}}},"fnMap":{"0":{"name":"(anonymous_0)","decl":{"start":{"line":14,"column":57},"end":{"line":14,"column":64}},"loc":{"start":{"line":14,"column":113},"end":{"line":21,"column":3}},"line":14},"1":{"name":"(anonymous_1)","decl":{"start":{"line":23,"column":41},"end":{"line":23,"column":48}},"loc":{"start":{"line":23,"column":115},"end":{"line":30,"column":3}},"line":23},"2":{"name":"(anonymous_2)","decl":{"start":{"line":32,"column":71},"end":{"line":32,"column":78}},"loc":{"start":{"line":32,"column":110},"end":{"line":39,"column":3}},"line":32},"3":{"name":"(anonymous_3)","decl":{"start":{"line":41,"column":60},"end":{"line":41,"column":67}},"loc":{"start":{"line":41,"column":128},"end":{"line":49,"column":3}},"line":41},"4":{"name":"(anonymous_4)","decl":{"start":{"line":51,"column":41},"end":{"line":51,"column":48}},"loc":{"start":{"line":51,"column":96},"end":{"line":58,"column":3}},"line":51},"5":{"name":"(anonymous_5)","decl":{"start":{"line":60,"column":53},"end":{"line":60,"column":60}},"loc":{"start":{"line":60,"column":123},"end":{"line":67,"column":3}},"line":60}},"branchMap":{"0":{"loc":{"start":{"line":62,"column":23},"end":{"line":62,"column":null}},"type":"binary-expr","locations":[{"start":{"line":62,"column":23},"end":{"line":62,"column":57}},{"start":{"line":62,"column":61},"end":{"line":62,"column":null}}],"line":62}},"s":{"0":2,"1":2,"2":2,"3":0,"4":0,"5":0,"6":0,"7":0,"8":2,"9":0,"10":0,"11":0,"12":0,"13":0,"14":2,"15":0,"16":0,"17":0,"18":0,"19":0,"20":2,"21":0,"22":0,"23":0,"24":0,"25":0,"26":0,"27":2,"28":0,"29":0,"30":0,"31":0,"32":0,"33":2,"34":0,"35":0,"36":0,"37":0,"38":0},"f":{"0":0,"1":0,"2":0,"3":0,"4":0,"5":0},"b":{"0":[0,0]},"meta":{"lastBranch":1,"lastFunction":6,"lastStatement":39,"seen":{"s:10:15:10:31":0,"s:12:0:12:Infinity":1,"s:14:0:21:Infinity":2,"f:14:57:14:64":0,"s:15:14:15:Infinity":3,"s:16:35:16:Infinity":4,"s:17:1:17:Infinity":5,"s:19:12:19:69":6,"s:20:1:20:Infinity":7,"s:23:0:30:Infinity":8,"f:23:41:23:48":1,"s:24:22:24:Infinity":9,"s:25:19:25:Infinity":10,"s:26:1:26:Infinity":11,"s:28:14:28:80":12,"s:29:1:29:Infinity":13,"s:32:0:39:Infinity":14,"f:32:71:32:78":2,"s:33:19:33:Infinity":15,"s:34:43:34:Infinity":16,"s:35:1:35:Infinity":17,"s:37:14:37:88":18,"s:38:1:38:Infinity":19,"s:41:0:49:Infinity":20,"f:41:60:41:67":3,"s:42:16:42:Infinity":21,"s:43:14:43:Infinity":22,"s:44:19:44:Infinity":23,"s:45:1:45:Infinity":24,"s:47:1:47:Infinity":25,"s:48:1:48:Infinity":26,"s:51:0:58:Infinity":27,"f:51:41:51:48":4,"s:52:16:52:Infinity":28,"s:53:35:53:Infinity":29,"s:54:1:54:Infinity":30,"s:56:1:56:Infinity":31,"s:57:1:57:Infinity":32,"s:60:0:67:Infinity":33,"f:60:53:60:60":5,"s:61:19:61:Infinity":34,"s:62:23:62:Infinity":35,"b:62:23:62:57:62:61:62:Infinity":0,"s:63:1:63:Infinity":36,"s:65:14:65:85":37,"s:66:1:66:Infinity":38}}}
,"D:\\Repos\\comma\\server\\controllers\\Payable\\PaymentsController.ts": {"path":"D:\\Repos\\comma\\server\\controllers\\Payable\\PaymentsController.ts","statementMap":{"0":{"start":{"line":9,"column":15},"end":{"line":9,"column":31}},"1":{"start":{"line":11,"column":0},"end":{"line":11,"column":null}},"2":{"start":{"line":13,"column":0},"end":{"line":20,"column":null}},"3":{"start":{"line":14,"column":17},"end":{"line":14,"column":null}},"4":{"start":{"line":15,"column":35},"end":{"line":15,"column":null}},"5":{"start":{"line":16,"column":1},"end":{"line":16,"column":null}},"6":{"start":{"line":18,"column":14},"end":{"line":18,"column":77}},"7":{"start":{"line":19,"column":1},"end":{"line":19,"column":null}},"8":{"start":{"line":22,"column":0},"end":{"line":29,"column":null}},"9":{"start":{"line":23,"column":19},"end":{"line":23,"column":null}},"10":{"start":{"line":24,"column":43},"end":{"line":24,"column":null}},"11":{"start":{"line":25,"column":1},"end":{"line":25,"column":null}},"12":{"start":{"line":27,"column":14},"end":{"line":27,"column":91}},"13":{"start":{"line":28,"column":1},"end":{"line":28,"column":null}},"14":{"start":{"line":31,"column":0},"end":{"line":39,"column":null}},"15":{"start":{"line":32,"column":16},"end":{"line":32,"column":null}},"16":{"start":{"line":33,"column":17},"end":{"line":33,"column":null}},"17":{"start":{"line":34,"column":19},"end":{"line":34,"column":null}},"18":{"start":{"line":35,"column":1},"end":{"line":35,"column":null}},"19":{"start":{"line":37,"column":1},"end":{"line":37,"column":null}},"20":{"start":{"line":38,"column":1},"end":{"line":38,"column":null}},"21":{"start":{"line":41,"column":0},"end":{"line":48,"column":null}},"22":{"start":{"line":42,"column":16},"end":{"line":42,"column":null}},"23":{"start":{"line":43,"column":35},"end":{"line":43,"column":null}},"24":{"start":{"line":44,"column":1},"end":{"line":44,"column":null}},"25":{"start":{"line":46,"column":1},"end":{"line":46,"column":null}},"26":{"start":{"line":47,"column":1},"end":{"line":47,"column":null}},"27":{"start":{"line":50,"column":0},"end":{"line":57,"column":null}},"28":{"start":{"line":51,"column":19},"end":{"line":51,"column":null}},"29":{"start":{"line":52,"column":23},"end":{"line":52,"column":null}},"30":{"start":{"line":53,"column":1},"end":{"line":53,"column":null}},"31":{"start":{"line":55,"column":14},"end":{"line":55,"column":86}},"32":{"start":{"line":56,"column":1},"end":{"line":56,"column":null}}},"fnMap":{"0":{"name":"(anonymous_0)","decl":{"start":{"line":13,"column":63},"end":{"line":13,"column":70}},"loc":{"start":{"line":13,"column":102},"end":{"line":20,"column":3}},"line":13},"1":{"name":"(anonymous_1)","decl":{"start":{"line":22,"column":74},"end":{"line":22,"column":81}},"loc":{"start":{"line":22,"column":113},"end":{"line":29,"column":3}},"line":22},"2":{"name":"(anonymous_2)","decl":{"start":{"line":31,"column":66},"end":{"line":31,"column":73}},"loc":{"start":{"line":31,"column":105},"end":{"line":39,"column":3}},"line":31},"3":{"name":"(anonymous_3)","decl":{"start":{"line":41,"column":44},"end":{"line":41,"column":51}},"loc":{"start":{"line":41,"column":83},"end":{"line":48,"column":3}},"line":41},"4":{"name":"(anonymous_4)","decl":{"start":{"line":50,"column":53},"end":{"line":50,"column":60}},"loc":{"start":{"line":50,"column":123},"end":{"line":57,"column":3}},"line":50}},"branchMap":{"0":{"loc":{"start":{"line":52,"column":23},"end":{"line":52,"column":null}},"type":"binary-expr","locations":[{"start":{"line":52,"column":23},"end":{"line":52,"column":57}},{"start":{"line":52,"column":61},"end":{"line":52,"column":null}}],"line":52}},"s":{"0":2,"1":2,"2":2,"3":0,"4":0,"5":0,"6":0,"7":0,"8":2,"9":0,"10":0,"11":0,"12":0,"13":0,"14":2,"15":0,"16":0,"17":0,"18":0,"19":0,"20":0,"21":2,"22":0,"23":0,"24":0,"25":0,"26":0,"27":2,"28":0,"29":0,"30":0,"31":0,"32":0},"f":{"0":0,"1":0,"2":0,"3":0,"4":0},"b":{"0":[0,0]},"meta":{"lastBranch":1,"lastFunction":5,"lastStatement":33,"seen":{"s:9:15:9:31":0,"s:11:0:11:Infinity":1,"s:13:0:20:Infinity":2,"f:13:63:13:70":0,"s:14:17:14:Infinity":3,"s:15:35:15:Infinity":4,"s:16:1:16:Infinity":5,"s:18:14:18:77":6,"s:19:1:19:Infinity":7,"s:22:0:29:Infinity":8,"f:22:74:22:81":1,"s:23:19:23:Infinity":9,"s:24:43:24:Infinity":10,"s:25:1:25:Infinity":11,"s:27:14:27:91":12,"s:28:1:28:Infinity":13,"s:31:0:39:Infinity":14,"f:31:66:31:73":2,"s:32:16:32:Infinity":15,"s:33:17:33:Infinity":
[...]
ll}},"30":{"start":{"line":64,"column":2},"end":{"line":64,"column":null}},"31":{"start":{"line":68,"column":2},"end":{"line":68,"column":null}},"32":{"start":{"line":69,"column":2},"end":{"line":69,"column":null}},"33":{"start":{"line":69,"column":11},"end":{"line":69,"column":null}},"34":{"start":{"line":71,"column":23},"end":{"line":71,"column":63}},"35":{"start":{"line":72,"column":2},"end":{"line":72,"column":null}},"36":{"start":{"line":72,"column":26},"end":{"line":72,"column":null}},"37":{"start":{"line":73,"column":2},"end":{"line":73,"column":null}},"38":{"start":{"line":77,"column":2},"end":{"line":77,"column":null}},"39":{"start":{"line":78,"column":17},"end":{"line":78,"column":73}},"40":{"start":{"line":79,"column":2},"end":{"line":79,"column":null}},"41":{"start":{"line":80,"column":2},"end":{"line":80,"column":null}}},"fnMap":{"0":{"name":"(anonymous_0)","decl":{"start":{"line":9,"column":14},"end":{"line":9,"column":21}},"loc":{"start":{"line":9,"column":67},"end":{"line":25,"column":null}},"line":9},"1":{"name":"(anonymous_1)","decl":{"start":{"line":28,"column":14},"end":{"line":28,"column":21}},"loc":{"start":{"line":28,"column":123},"end":{"line":33,"column":null}},"line":28},"2":{"name":"(anonymous_2)","decl":{"start":{"line":36,"column":14},"end":{"line":36,"column":24}},"loc":{"start":{"line":36,"column":61},"end":{"line":43,"column":null}},"line":36},"3":{"name":"(anonymous_3)","decl":{"start":{"line":46,"column":14},"end":{"line":46,"column":21}},"loc":{"start":{"line":46,"column":63},"end":{"line":64,"column":null}},"line":46},"4":{"name":"(anonymous_4)","decl":{"start":{"line":67,"column":14},"end":{"line":67,"column":21}},"loc":{"start":{"line":67,"column":62},"end":{"line":73,"column":null}},"line":67},"5":{"name":"(anonymous_5)","decl":{"start":{"line":76,"column":14},"end":{"line":76,"column":34}},"loc":{"start":{"line":76,"column":80},"end":{"line":80,"column":null}},"line":76}},"branchMap":{"0":{"loc":{"start":{"line":14,"column":2},"end":{"line":15,"column":null}},"type":"if","locations":[{"start":{"line":14,"column":2},"end":{"line":15,"column":null}},{"start":{},"end":{}}],"line":14},"1":{"loc":{"start":{"line":14,"column":6},"end":{"line":14,"column":146}},"type":"binary-expr","locations":[{"start":{"line":14,"column":6},"end":{"line":14,"column":22}},{"start":{"line":14,"column":22},"end":{"line":14,"column":46}},{"start":{"line":14,"column":46},"end":{"line":14,"column":65}},{"start":{"line":14,"column":65},"end":{"line":14,"column":80}},{"start":{"line":14,"column":80},"end":{"line":14,"column":101}},{"start":{"line":14,"column":101},"end":{"line":14,"column":117}},{"start":{"line":14,"column":117},"end":{"line":14,"column":130}},{"start":{"line":14,"column":130},"end":{"line":14,"column":146}}],"line":14},"2":{"loc":{"start":{"line":20,"column":13},"end":{"line":20,"column":31}},"type":"binary-expr","locations":[{"start":{"line":20,"column":13},"end":{"line":20,"column":25}},{"start":{"line":20,"column":25},"end":{"line":20,"column":31}}],"line":20},"3":{"loc":{"start":{"line":20,"column":43},"end":{"line":20,"column":63}},"type":"binary-expr","locations":[{"start":{"line":20,"column":43},"end":{"line":20,"column":57}},{"start":{"line":20,"column":57},"end":{"line":20,"column":63}}],"line":20},"4":{"loc":{"start":{"line":20,"column":76},"end":{"line":20,"column":null}},"type":"binary-expr","locations":[{"start":{"line":20,"column":76},"end":{"line":20,"column":91}},{"start":{"line":20,"column":91},"end":{"line":20,"column":null}}],"line":20},"5":{"loc":{"start":{"line":28,"column":69},"end":{"line":28,"column":93}},"type":"default-arg","locations":[{"start":{"line":28,"column":91},"end":{"line":28,"column":93}}],"line":28},"6":{"loc":{"start":{"line":28,"column":95},"end":{"line":28,"column":121}},"type":"default-arg","locations":[{"start":{"line":28,"column":119},"end":{"line":28,"column":121}}],"line":28},"7":{"loc":{"start":{"line":39,"column":2},"end":{"line":40,"column":null}},"type":"if","locations":[{"start":{"line":39,"column":2},"end":{"line":40,"column":null}},{"start":{},"end":{}}],"line":39},"8":{"loc":{"start":{"line":48,"column":2},"end":{"line":48,"column":null}},"type":"if","locations":[{"start":{"line":48,"column":2},"end":{"line":48,"column":null}},{"start":{},"end":{}}],"line":48},"9":{"loc":{"start":{"line":51,"column":2},"end":{"line":52,"column":null}},"type":"if","locations":[{"start":{"line":51,"column":2},"end":{"line":52,"column":null}},{"start":{},"end":{}}],"line":51},"10":{"loc":{"start":{"line":51,"column":6},"end":{"line":51,"column":146}},"type":"binary-expr","locations":[{"start":{"line":51,"column":6},"end":{"line":51,"column":22}},{"start":{"line":51,"column":22},"end":{"line":51,"column":46}},{"start":{"line":51,"column":46},"end":{"line":51,"column":65}},{"start":{"line":51,"column":65},"end":{"line":51,"column":80}},{"start":{"line":51,"column":80},"end":{"line":51,"column":101}},{"start":{"line":51,"column":101},"end":{"line":51,"column":117}},{"start":{"line":51,"column":117},"end":{"line":51,"column":130}},{"start":{"line":51,"column":130},"end":{"line":51,"column":146}}],"line":51},"11":{"loc":{"start":{"line":57,"column":13},"end":{"line":57,"column":31}},"type":"binary-expr","locations":[{"start":{"line":57,"column":13},"end":{"line":57,"column":25}},{"start":{"line":57,"column":25},"end":{"line":57,"column":31}}],"line":57},"12":{"loc":{"start":{"line":57,"column":43},"end":{"line":57,"column":63}},"type":"binary-expr","locations":[{"start":{"line":57,"column":43},"end":{"line":57,"column":57}},{"start":{"line":57,"column":57},"end":{"line":57,"column":63}}],"line":57},"13":{"loc":{"start":{"line":57,"column":76},"end":{"line":57,"column":null}},"type":"binary-expr","locations":[{"start":{"line":57,"column":76},"end":{"line":57,"column":91}},{"start":{"line":57,"column":91},"end":{"line":57,"column":null}}],"line":57},"14":{"loc":{"start":{"line":60,"column":2},"end":{"line":62,"column":null}},"type":"if","locations":[{"start":{"line":60,"column":2},"end":{"line":62,"column":null}},{"start":{},"end":{}}],"line":60},"15":{"loc":{"start":{"line":62,"column":3},"end":{"line":62,"column":null}},"type":"if","locations":[{"start":{"line":62,"column":3},"end":{"line":62,"column":null}},{"start":{},"end":{}}],"line":62},"16":{"loc":{"start":{"line":69,"column":2},"end":{"line":69,"column":null}},"type":"if","locations":[{"start":{"line":69,"column":2},"end":{"line":69,"column":null}},{"start":{},"end":{}}],"line":69},"17":{"loc":{"start":{"line":72,"column":2},"end":{"line":72,"column":null}},"type":"if","locations":[{"start":{"line":72,"column":2},"end":{"line":72,"column":null}},{"start":{},"end":{}}],"line":72},"18":{"loc":{"start":{"line":76,"column":53},"end":{"line":76,"column":80}},"type":"default-arg","locations":[{"start":{"line":76,"column":77},"end":{"line":76,"column":80}}],"line":76}},"s":{"0":2,"1":0,"2":0,"3":0,"4":0,"5":0,"6":0,"7":0,"8":0,"9":0,"10":0,"11":0,"12":0,"13":0,"14":0,"15":0,"16":0,"17":0,"18":0,"19":0,"20":0,"21":0,"22":0,"23":0,"24":0,"25":0,"26":0,"27":0,"28":0,"29":0,"30":0,"31":0,"32":0,"33":0,"34":0,"35":0,"36":0,"37":0,"38":0,"39":0,"40":0,"41":0},"f":{"0":2,"1":2,"2":2,"3":2,"4":2,"5":2},"b":{"0":[0,0],"1":[0,0,0,0,0,0,0,0],"2":[0,0],"3":[0,0],"4":[0,0],"5":[0],"6":[0],"7":[0,0],"8":[0,0],"9":[0,0],"10":[0,0,0,0,0,0,0,0],"11":[0,0],"12":[0,0],"13":[0,0],"14":[0,0],"15":[0,0],"16":[0,0],"17":[0,0],"18":[0]},"meta":{"lastBranch":19,"lastFunction":6,"lastStatement":42,"seen":{"s:6:13:6:45":0,"f:9:14:9:21":0,"s:10:2:10:Infinity":1,"s:12:134:12:Infinity":2,"b:14:2:15:Infinity:undefined:undefined:undefined:undefined":0,"s:14:2:15:Infinity":3,"b:14:6:14:22:14:22:14:46:14:46:14:65:14:65:14:80:14:80:14:101:14:101:14:117:14:117:14:130:14:130:14:146":1,"s:15:3:15:Infinity":4,"s:18:18:22:4":5,"b:20:13:20:25:20:25:20:31":2,"b:20:43:20:57:20:57:20:63":3,"b:20:76:20:91:20:91:20:Infinity":4,"s:24:2:24:Infinity":6,"s:25:2:25:Infinity":7,"f:28:14:28:21":1,"b:28:91:28:93":5,"b:28:119:28:121":6,"s:29:2:29:Infinity":8,"s:30:17:30:Infinity":9,"s:31:21:31:94":10,"s:32:2:32:Infinity":11,"s:33:2:33:Infinity":12,"f:36:14:36:24":2,"s:37:2:37:Infinity":13,"s:38:17:38:58":14,"b:39:2:40:Infinity:undefined:undefined:undefined:undefined":7,"s:39:2:40:Infinity":15,"s:40:3:40:Infinity":16,"s:42:2:42:Infinity":17,"s:43:2:43:Infinity":18,"f:46:14:46:21":3,"s:47:2:47:Infinity":19,"b:48:2:48:Infinity:undefined:undefined:undefined:undefined":8,"s:48:2:48:Infinity":20,"s:48:11:48:Infinity":21,"s:50:134:50:Infinity":22,"b:51:2:52:Infinity:undefined:undefined:undefined:undefined":9,"s:51:2:52:Infinity":23,"b:51:6:51:22:51:22:51:46:51:46:51:65:51:65:51:80:51:80:51:101:51:101:51:117:51:117:51:130:51:130:51:146":10,"s:52:3:52:Infinity":24,"s:55:25:58:4":25,"b:57:13:57:25:57:25:57:31":11,"b:57:43:57:57:57:57:57:63":12,"b:57:76:57:91:57:91:57:Infinity":13,"b:60:2:62:Infinity:undefined:undefined:undefined:undefined":14,"s:60:2:62:Infinity":26,"s:61:18:61:52":27,"b:62:3:62:Infinity:undefined:undefined:undefined:undefined":15,"s:62:3:62:Infinity":28,"s:62:16:62:Infinity":29,"s:64:2:64:Infinity":30,"f:67:14:67:21":4,"s:68:2:68:Infinity":31,"b:69:2:69:Infinity:undefined:undefined:undefined:undefined":16,"s:69:2:69:Infinity":32,"s:69:11:69:Infinity":33,"s:71:23:71:63":34,"b:72:2:72:Infinity:undefined:undefined:undefined:undefined":17,"s:72:2:72:Infinity":35,"s:72:26:72:Infinity":36,"s:73:2:73:Infinity":37,"f:76:14:76:34":5,"b:76:77:76:80":18,"s:77:2:77:Infinity":38,"s:78:17:78:73":39,"s:79:2:79:Infinity":40,"s:80:2:80:Infinity":41}}}
,"D:\\Repos\\comma\\server\\services\\Receivable\\PaymentsService.ts": {"path":"D:\\Repos\\comma\\server\\services\\Receivable\\PaymentsService.ts","statementMap":{"0":{"start":{"line":6,"column":13},"end":{"line":6,"column":48}},"1":{"start":{"line":10,"column":2},"end":{"line":10,"column":null}},"2":{"start":{"line":12,"column":124},"end":{"line":12,"column":null}},"3":{"start":{"line":14,"column":2},"end":{"line":15,"column":null}},"4":{"start":{"line":15,"column":3},"end":{"line":15,"column":null}},"5":{"start":{"line":18,"column":21},"end":{"line":23,"column":4}},"6":{"start":{"line":25,"column":2},"end":{"line":25,"column":null}},"7":{"start":{"line":26,"column":2},"end":{"line":26,"column":null}},"8":{"start":{"line":30,"column":2},"end":{"line":30,"column":null}},"9":{"start":{"line":31,"column":17},"end":{"line":31,"column":null}},"10":{"start":{"line":32,"column":17},"end":{"line":32,"column":93}},"11":{"start":{"line":33,"column":2},"end":{"line":33,"column":null}},"12":{"start":{"line":34,"column":2},"end":{"line":34,"column":null}},"13":{"start":{"line":38,"column":2},"end":{"line":38,"column":null}},"14":{"start":{"line":39,"column":2},"end":{"line":39,"column":null}},"15":{"start":{"line":39,"column":18},"end":{"line":39,"column":null}},"16":{"start":{"line":41,"column":124},"end":{"line":41,"column":null}},"17":{"start":{"line":42,"column":2},"end":{"line":43,"column":null}},"18":{"start":{"line":43,"column":3},"end":{"line":43,"column":null}},"19":{"start":{"line":46,"column":25},"end":{"line":50,"column":4}},"20":{"start":{"line":52,"column":2},"end":{"line":54,"column":null}},"21":{"start":{"line":53,"column":18},"end":{"line":53,"column":59}},"22":{"start":{"line":54,"column":3},"end":{"line":54,"column":null}},"23":{"start":{"line":54,"column":16},"end":{"line":54,"column":null}},"24":{"start":{"line":56,"column":2},"end":{"line":56,"column":null}},"25":{"start":{"line":60,"column":2},"end":{"line":60,"column":null}},"26":{"start":{"line":61,"column":2},"end":{"line":61,"column":null}},"27":{"start":{"line":61,"column":18},"end":{"line":61,"column":null}},"28":{"start":{"line":63,"column":23},"end":{"line":63,"column":70}},"29":{"start":{"line":64,"column":2},"end":{"line":64,"column":null}},"30":{"start":{"line":64,"column":26},"end":{"line":64,"column":null}},"31":{"start":{"line":65,"column":2},"end":{"line":65,"column":null}},"32":{"start":{"line":69,"column":2},"end":{"line":69,"column":null}},"33":{"start":{"line":70,"column":17},"end":{"line":70,"column":71}},"34":{"start":{"line":71,"column":2},"end":{"line":71,"column":null}},"35":{"start":{"line":72,"column":2},"end":{"line":72,"column":null}}},"fnMap":{"0":{"name":"(anonymous_0)","decl":{"start":{"line":9,"column":14},"end":{"line":9,"column":21}},"loc":{"start":{"line":9,"column":73},"end":{"line":26,"column":null}},"line":9},"1":{"name":"(anonymous_1)","decl":{"start":{"line":29,"column":14},"end":{"line":29,"column":21}},"loc":{"start":{"line":29,"column":121},"end":{"line":34,"column":null}},"line":29},"2":{"name":"(anonymous_2)","decl":{"start":{"line":37,"column":14},"end":{"line":37,"column":21}},"loc":{"start":{"line":37,"column":76},"end":{"line":56,"column":null}},"line":37},"3":{"name":"(anonymous_3)","decl":{"start":{"line":59,"column":14},"end":{"line":59,"column":21}},"loc":{"start":{"line":59,"column":69},"end":{"line":65,"column":null}},"line":59},"4":{"name":"(anonymous_4)","decl":{"start":{"line":68,"column":14},"end":{"line":68,"column":32}},"loc":{"start":{"line":68,"column":78},"end":{"line":72,"column":null}},"line":68}},"branchMap":{"0":{"loc":{"start":{"line":14,"column":2},"end":{"line":15,"column":null}},"type":"if","locations":[{"start":{"line":14,"column":2},"end":{"line":15,"column":null}},{"start":{},"end":{}}],"line":14},"1":{"loc":{"start":{"line":14,"column":6},"end":{"line":14,"column":98}},"type":"binary-expr","locations":[{"start":{"line":14,"column":6},"end":{"line":14,"column":22}},{"start":{"line":14,"column":22},"end":{"line":14,"column":33}},{"start":{"line":14,"column":33},"end":{"line":14,"column":46}},{"start":{"line":14,"column":46},"end":{"line":14,"column":64}},{"start":{"line":14,"column":64},"end":{"line":14,"column":81}},{"start":{"line":14,"column":81},"end":{"line":14,"column":98}}],"line":14},"2":{"loc":{"start":{"line":20,"column":15},"end":{"line":20,"column":35}},"type":"binary-expr","locations":[{"start":{"line":20,"column":15},"end":{"line":20,"column":29}},{"start":{"line":20,"column":29},"end":{"line":20,"column":35}}],"line":20},"3":{"loc":{"start":{"line":20,"column":48},"end":{"line":20,"column":null}},"type":"binary-expr","locations":[{"start":{"line":20,"column":48},"end":{"line":20,"column":63}},{"start":{"line":20,"column":63},"end":{"line":20,"column":null}}],"line":20},"4":{"loc":{"start":{"line":21,"column":43},"end":{"line":21,"column":null}},"type":"binary-expr","locations":[{"start":{"line":21,"column":43},"end":{"line":21,"column":55}},{"start":{"line":21,"column":55},"end":{"line":21,"column":null}}],"line":21},"5":{"loc":{"start":{"line":29,"column":67},"end":{"line":29,"column":91}},"type":"default-arg","locations":[{"start":{"line":29,"column":89},"end":{"line":29,"column":91}}],"line":29},"6":{"loc":{"start":{"line":29,"column":93},"end":{"line":29,"column":119}},"type":"default-arg","locations":[{"start":{"line":29,"column":117},"end":{"line":29,"column":119}}],"line":29},"7":{"loc":{"start":{"line":39,"column":2},"end":{"line":39,"column":null}},"type":"if","locations":[{"start":{"line":39,"column":2},"end":{"line":39,"column":null}},{"start":{},"end":{}}],"line":39},"8":{"loc":{"start":{"line":42,"column":2},"end":{"line":43,"column":null}},"type":"if","locations":[{"start":{"line":42,"column":2},"end":{"line":43,"column":null}},{"start":{},"end":{}}],"line":42},"9":{"loc":{"start":{"line":42,"column":6},"end":{"line":42,"column":98}},"type":"binary-expr","locations":[{"start":{"line":42,"column":6},"end":{"line":42,"column":22}},{"start":{"line":42,"column":22},"end":{"line":42,"column":33}},{"start":{"line":42,"column":33},"end":{"line":42,"column":46}},{"start":{"line":42,"column":46},"end":{"line":42,"column":64}},{"start":{"line":42,"column":64},"end":{"line":42,"column":81}},{"start":{"line":42,"column":81},"end":{"line":42,"column":98}}],"line":42},"10":{"loc":{"start":{"line":48,"column":15},"end":{"line":48,"column":35}},"type":"binary-expr","locations":[{"start":{"line":48,"column":15},"end":{"line":48,"column":29}},{"start":{"line":48,"column":29},"end":{"line":48,"column":35}}],"line":48},"11":{"loc":{"start":{"line":48,"column":48},"end":{"line":48,"column":null}},"type":"binary-expr","locations":[{"start":{"line":48,"column":48},"end":{"line":48,"column":63}},{"start":{"line":48,"column":63},"end":{"line":48,"column":null}}],"line":48},"12":{"loc":{"start":{"line":49,"column":43},"end":{"line":49,"column":null}},"type":"binary-expr","locations":[{"start":{"line":49,"column":43},"end":{"line":49,"column":55}},{"start":{"line":49,"column":55},"end":{"line":49,"column":null}}],"line":49},"13":{"loc":{"start":{"line":52,"column":2},"end":{"line":54,"column":null}},"type":"if","locations":[{"start":{"line":52,"column":2},"end":{"line":54,"column":null}},{"start":{},"end":{}}],"line":52},"14":{"loc":{"start":{"line":54,"column":3},"end":{"line":54,"column":null}},"type":"if","locations":[{"start":{"line":54,"column":3},"end":{"line":54,"column":null}},{"start":{},"end":{}}],"line":54},"15":{"loc":{"start":{"line":61,"column":2},"end":{"line":61,"column":null}},"type":"if","locations":[{"start":{"line":61,"column":2},"end":{"line":61,"column":null}},{"start":{},"end":{}}],"line":61},"16":{"loc":{"start":{"line":64,"column":2},"end":{"line":64,"column":null}},"type":"if","locations":[{"start":{"line":64,"column":2},"end":{"line":64,"column":null}},{"start":{},"end":{}}],"line":64},"17":{"loc":{"start":{"line":68,"column":51},"end":{"line":68,"column":78}},"type":"default-arg","locations":[{"start":{"line":68,"column":75},"end":{"line":68,"column":78}}],"line":68}},"s":{"0":2,"1":0,"2":0,"3":0,"4":0,"5":0,"6":0,"7":0,"8":0,"9":0,"10":0,"11":0,"12":0,"13":0,"14":0,"15":0,"16":0,"17":0,"18":0,"19":0,"20":0,"21":0,"22":0,"23":0,"24":0,"25":0,"26":0,"27":0,"28":0,"29":0,"30":0,"31":0,"32":0,"33":0,"34":0,"35":0},"f":{"0":2,"1":2,"2":2,"3":2,"4":2},"b":{"0":[0,0],"1":[0,0,0,0,0,0],"2":[0,0],"3":[0,0],"4":[0,0],"5":[0],"6":[0],"7":[0,0],"8":[0,0],"9":[0,0,0,0,0,0],"10":[0,0],"11":[0,0],"12":[0,0],"13":[0,0],"14":[0,0],"15":[0,0],"16":[0,0],"17":[0]},"meta":{"lastBranch":18,"lastFunction":5,"lastStatement":36,"seen":{"s:6:13:6:48":0,"f:9:14:9:21":0,"s:10:2:10:Infinity":1,"s:12:124:12:Infinity":2,"b:14:2:15:Infinity:undefined:undefined:undefined:undefined":0,"s:14:2:15:Infinity":3,"b:14:6:14:22:14:22:14:33:14:33:14:46:14:46:14:64:14:64:14:81:14:81:14:98":1,"s:15:3:15:Infinity":4,"s:18:21:23:4":5,"b:20:15:20:29:20:29:20:35":2,"b:20:48:20:63:20:63:20:Infinity":3,"b:21:43:21:55:21:55:21:Infinity":4,"s:25:2:25:Infinity":6,"s:26:2:26:Infinity":7,"f:29:14:29:21":1,"b:29:89:29:91":5,"b:29:117:29:119":6,"s:30:2:30:Infinity":8,"s:31:17:31:Infinity":9,"s:32:17:32:93":10,"s:33:2:33:Infinity":11,"s:34:2:34:Infinity":12,"f:37:14:37:21":2,"s:38:2:38:Infinity":13,"b:39:2:39:Infinity:undefined:undefined:undefined:undefined":7,"s:39:2:39:Infinity":14,"s:39:18:39:Infinity":15,"s:41:124:41:Infinity":16,"b:42:2:43:Infinity:undefined:undefined:undefined:undefined":8,"s:42:2:43:Infinity":17,"b:42:6:42:22:42:22:42:33:42:33:42:46:42:46:42:64:42:64:42:81:42:81:42:98":9,"s:43:3:43:Infinity":18,"s:46:25:50:4":19,"b:48:15:48:29:48:29:48:35":10,"b:48:48:48:63:48:63:48:Infinity":11,"b:49:43:49:55:49:55:49:Infinity":12,"b:52:2:54:Infinity:undefined:undefined:undefined:undefined":13,"s:52:2:54:Infinity":20,"s:53:18:53:59":21,"b:54:3:54:Infinity:undefined:undefined:undefined:undefined":14,"s:54:3:54:Infinity":22,"s:54:16:54:Infinity":23,"s:56:2:56:Infinity":24,"f:59:14:59:21":3,"s:60:2:60:Infinity":25,"b:61:2:61:Infinity:undefined:undefined:undefined:undefined":15,"s:61:2:61:Infinity":26,"s:61:18:61:Infinity":27,"s:63:23:63:70":28,"b:64:2:64:Infinity:undefined:undefined:undefined:undefined":16,"s:64:2:64:Infinity":29,"s:64:26:64:Infinity":30,"s:65:2:65:Infinity":31,"f:68:14:68:32":4,"b:68:75:68:78":17,"s:69:2:69:Infinity":32,"s:70:17:70:71":33,"s:71:2:71:Infinity":34,"s:72:2:72:Infinity":35}}}
}
